<?xml version="1.0" encoding="UTF-8"?>
<testsuite xmlns:xsi="http://www.w3.org/2001/XMLSchema-instance" xsi:noNamespaceSchemaLocation="https://maven.apache.org/surefire/maven-failsafe-plugin/xsd/failsafe-test-report-3.0.xsd" version="3.0" name="User" time="1.616" tests="2" errors="0" skipped="0" failures="0">
  <properties>
[...]
</properties>
  <testcase name="Get - As admin I have be able to get detail user" classname="User" time="1.021">
    <system-out><![CDATA[

10
 Scenarios (
&amp#27;[32m10 passed&amp#27;[0m
)


31
 Steps (
&amp#27;[32m31 passed&amp#27;[0m
)


0m
9.639s






15:28:35.559 [pool-2-thread-1] DEBUG net.thucydides.core.reports.ReportService - Reporting formats: [JSON, HTML]

15:28:35.622 [pool-2-thread-1] DEBUG net.thucydides.core.reports.ReportService - Reporting formats: [JSON, HTML]

15:28:35.622 [pool-2-thread-1] DEBUG net.thucydides.core.reports.ReportService - Generating reports for 10 test outcomes using: net.thucydides.core.reports.json.JSONTestOutcomeReporter@676af012

15:28:35.622 [pool-3-thread-1] DEBUG net.thucydides.core.reports.ReportService - Processing test outcome Reqresin:Success GET Users

15:28:35.622 [pool-3-thread-2] DEBUG net.thucydides.core.reports.ReportService - Processing test outcome Reqresin:Success POST login

15:28:35.622 [pool-3-thread-4] DEBUG net.thucydides.core.reports.ReportService - Processing test outcome Reqresin:Success PUT update

15:28:35.622 [pool-3-thread-1] INFO net.thucydides.core.reports.ReportService - net.thucydides.core.reports.json.JSONTestOutcomeReporter@676af012: Generating report for test outcome: Reqresin:Success GET Users

15:28:35.622 [pool-3-thread-3] DEBUG net.thucydides.core.reports.ReportService - Processing test outcome Reqresin:Failed POST login

15:28:35.622 [pool-3-thread-6] DEBUG net.thucydides.core.reports.ReportService - Processing test outcome Reqresin:Unsuccess POST Register

15:28:35.622 [pool-3-thread-2] INFO net.thucydides.core.reports.ReportService - net.thucydides.core.reports.json.JSONTestOutcomeReporter@676af012: Generating report for test outcome: Reqresin:Success POST login

15:28:35.622 [pool-3-thread-4] INFO net.thucydides.core.reports.ReportService - net.thucydides.core.reports.json.JSONTestOutcomeReporter@676af012: Generating report for test outcome: Reqresin:Success PUT update

15:28:35.622 [pool-3-thread-5] DEBUG net.thucydides.core.reports.ReportService - Processing test outcome Reqresin:Success DELETE user

15:28:35.622 [pool-3-thread-3] INFO net.thucydides.core.reports.ReportService - net.thucydides.core.reports.json.JSONTestOutcomeReporter@676af012: Generating report for test outcome: Reqresin:Failed POST login

15:28:35.622 [pool-3-thread-6] INFO net.thucydides.core.reports.ReportService - net.thucydides.core.reports.json.JSONTestOutcomeReporter@676af012: Generating report for test outcome: Reqresin:Unsuccess POST Register

15:28:35.622 [pool-3-thread-7] DEBUG net.thucydides.core.reports.ReportService - Processing test outcome Reqresin:Success POST Register

15:28:35.622 [pool-3-thread-8] DEBUG net.thucydides.core.reports.ReportService - Processing test outcome Reqresin:Success POST Create

15:28:35.622 [pool-3-thread-5] INFO net.thucydides.core.reports.ReportService - net.thucydides.core.reports.json.JSONTestOutcomeReporter@676af012: Generating report for test outcome: Reqresin:Success DELETE user

15:28:35.622 [pool-3-thread-7] INFO net.thucydides.core.reports.ReportService - net.thucydides.core.reports.json.JSONTestOutcomeReporter@676af012: Generating report for test outcome: Reqresin:Success POST Register

15:28:35.622 [pool-3-thread-8] INFO net.thucydides.core.reports.ReportService - net.thucydides.core.reports.json.JSONTestOutcomeReporter@676af012: Generating report for test outcome: Reqresin:Success POST Create

15:28:35.637 [pool-3-thread-1] DEBUG net.thucydides.core.reports.json.JSONTestOutcomeReporter - Generating JSON report for Success GET Users to file D:\8. Alterra\31.rest-api\target\site\serenity\7469fef04c577cefeb372b623f3a9fbdf097a437e9993e2073d693cca2450ae0.json (using temp file D:\8. Alterra\31.rest-api\target\site\serenity\7469fef04c577cefeb372b623f3a9fbdf097a437e9993e2073d693cca2450ae0.json05c67a9a-fd21-4807-92cb-b31cdd334991)

15:28:35.637 [pool-3-thread-4] DEBUG net.thucydides.core.reports.json.JSONTestOutcomeReporter - Generating JSON report for Success PUT update to file D:\8. Alterra\31.rest-api\target\site\serenity\43cd553644da9c171dcb2386d7c00ef166aa5505cd4f9ac5d6a9a3f1cb3d5259.json (using temp file D:\8. Alterra\31.rest-api\target\site\serenity\43cd553644da9c171dcb2386d7c00ef166aa5505cd4f9ac5d6a9a3f1cb3d5259.json9aaba1c3-135f-4a90-906b-be4bee431a46)

15:28:35.637 [pool-3-thread-2] DEBUG net.thucydides.core.reports.json.JSONTestOutcomeReporter - Generating JSON report for Success POST login to file D:\8. Alterra\31.rest-api\target\site\serenity\e36ec3adf072291361e81140184bcef4a228ca0f563d6f240c79caba824d760a.json (using temp file D:\8. Alterra\31.rest-api\target\site\serenity\e36ec3adf072291361e81140184bcef4a228ca0f563d6f240c79caba824d760a.json715686a8-7c82-487e-a959-aaeef8426e8a)

15:28:35.637 [pool-3-thread-3] DEBUG net.thucydides.core.reports.json.JSONTestOutcomeReporter - Generating JSON report for Failed POST login to file D:\8. Alterra\31.rest-api\target\site\serenity\f0d6a2000abb4e866a2a2ddd3fb1ce471246ca31b87a07467719db6b9dbc1446.json (using temp file D:\8. Alterra\31.rest-api\target\site\serenity\f0d6a2000abb4e866a2a2ddd3fb1ce471246ca31b87a07467719db6b9dbc1446.json7473ac1b-bab6-400f-b030-1e886b323f76)

15:28:35.637 [pool-3-thread-5] DEBUG net.thucydides.core.reports.json.JSONTestOutcomeReporter - Generating JSON report for Success DELETE user to file D:\8. Alterra\31.rest-api\target\site\serenity\4d778f05a3e2e1390612e5af72e79ec89376a05b48afa409a67942d5f29048ea.json (using temp file D:\8. Alterra\31.rest-api\target\site\serenity\4d778f05a3e2e1390612e5af72e79ec89376a05b48afa409a67942d5f29048ea.jsonf16f0e4a-8cf8-4dc1-8f23-772769c855bf)

15:28:35.637 [pool-3-thread-7] DEBUG net.thucydides.core.reports.json.JSONTestOutcomeReporter - Generating JSON report for Success POST Register to file D:\8. Alterra\31.rest-api\target\site\serenity\b7502f8c6086584fdba906242e98ff560d517f0f32b5e30b036a9355c50d5895.json (using temp file D:\8. Alterra\31.rest-api\target\site\serenity\b7502f8c6086584fdba906242e98ff560d517f0f32b5e30b036a9355c50d5895.json891d0f51-4936-4e90-9a92-f9a9ba24cad5)

15:28:35.637 [pool-3-thread-8] DEBUG net.thucydides.core.reports.json.JSONTestOutcomeReporter - Generating JSON report for Success POST Create to file D:\8. Alterra\31.rest-api\target\site\serenity\9f19c9ab4910987550dcd12457bc54e65445139168386288f74ab9c09bd966e2.json (using temp file D:\8. Alterra\31.rest-api\target\site\serenity\9f19c9ab4910987550dcd12457bc54e65445139168386288f74ab9c09bd966e2.json0d33a088-b922-470e-882f-fba4a15a3ff6)

15:28:35.637 [pool-3-thread-6] DEBUG net.thucydides.core.reports.json.JSONTestOutcomeReporter - Generating JSON report for Unsuccess POST Register to file D:\8. Alterra\31.rest-api\target\site\serenity\c1ab5492f80807f029af3014e9b86f894d0875302520504e697c8101abf4a0de.json (using temp file D:\8. Alterra\31.rest-api\target\site\serenity\c1ab5492f80807f029af3014e9b86f894d0875302520504e697c8101abf4a0de.jsonbdf19fe3-1e2e-4347-80b4-d389838d7d81)

15:28:35.684 [pool-3-thread-3] DEBUG net.thucydides.core.reports.ReportService - Processing test outcome Reqresin:Failed POST login done

15:28:35.684 [pool-3-thread-3] DEBUG net.thucydides.core.reports.ReportService - Processing test outcome User:Get - As admin I have be able to get detail user

15:28:35.684 [pool-3-thread-3] INFO net.thucydides.core.reports.ReportService - net.thucydides.core.reports.json.JSONTestOutcomeReporter@676af012: Generating report for test outcome: User:Get - As admin I have be able to get detail user

15:28:35.684 [pool-3-thread-1] DEBUG net.thucydides.core.reports.ReportService - Processing test outcome Reqresin:Success GET Users done

15:28:35.684 [pool-3-thread-1] DEBUG net.thucydides.core.reports.ReportService - Processing test outcome User:POST - As admin I have be able to create bew user

15:28:35.684 [pool-3-thread-1] INFO net.thucydides.core.reports.ReportService - net.thucydides.core.reports.json.JSONTestOutcomeReporter@676af012: Generating report for test outcome: User:POST - As admin I have be able to create bew user

15:28:35.684 [pool-3-thread-4] DEBUG net.thucydides.core.reports.ReportService - Processing test outcome Reqresin:Success PUT update done

15:28:35.684 [pool-3-thread-5] DEBUG net.thucydides.core.reports.ReportService - Processing test outcome Reqresin:Success DELETE user done

15:28:35.684 [pool-3-thread-7] DEBUG net.thucydides.core.reports.ReportService - Processing test outcome Reqresin:Success POST Register done

15:28:35.684 [pool-3-thread-2] DEBUG net.thucydides.core.reports.ReportService - Processing test outcome Reqresin:Success POST login done

15:28:35.684 [pool-3-thread-3] DEBUG net.thucydides.core.reports.json.JSONTestOutcomeReporter - Generating JSON report for Get - As admin I have be able to get detail user to file D:\8. Alterra\31.rest-api\target\site\serenity\8c9bde6d0dbc4dadc4e5510aeaf6c435d15acae6bd58afcfbce04fb52b357cc6.json (using temp file D:\8. Alterra\31.rest-api\target\site\serenity\8c9bde6d0dbc4dadc4e5510aeaf6c435d15acae6bd58afcfbce04fb52b357cc6.jsonf04bc559-73a0-42bf-84e3-805a927e5c31)

15:28:35.684 [pool-3-thread-1] DEBUG net.thucydides.core.reports.json.JSONTestOutcomeReporter - Generating JSON report for POST - As admin I have be able to create bew user to file D:\8. Alterra\31.rest-api\target\site\serenity\265bcbbddaae90f4c5f1d369b6ba4b8ec80a05c9f3bafd8fc57fde58b8234d5b.json (using temp file D:\8. Alterra\31.rest-api\target\site\serenity\265bcbbddaae90f4c5f1d369b6ba4b8ec80a05c9f3bafd8fc57fde58b8234d5b.json3820341f-2afb-4cf8-b27c-8ba66d005ba0)

15:28:35.684 [pool-3-thread-6] DEBUG net.thucydides.core.reports.ReportService - Processing test outcome Reqresin:Unsuccess POST Register done

15:28:35.684 [pool-3-thread-8] DEBUG net.thucydides.core.reports.ReportService - Processing test outcome Reqresin:Success POST Create done

15:28:35.684 [pool-3-thread-3] DEBUG net.thucydides.core.reports.ReportService - Processing test outcome User:Get - As admin I have be able to get detail user done

15:28:35.684 [pool-3-thread-1] DEBUG net.thucydides.core.reports.ReportService - Processing test outcome User:POST - As admin I have be able to create bew user done

15:28:35.684 [pool-2-thread-1] DEBUG net.thucydides.core.reports.ReportService - Shutting down executor service

15:28:35.684 [pool-2-thread-1] DEBUG net.thucydides.core.reports.ReportService - Reports generated in: 62 ms

15:28:35.684 [pool-2-thread-1] DEBUG net.thucydides.core.reports.ReportService - Generating reports for 10 test outcomes using: net.thucydides.core.reports.html.HtmlAcceptanceTestReporter@435d64c2

15:28:35.684 [pool-4-thread-1] DEBUG net.thucydides.core.reports.ReportService - Processing test outcome Reqresin:Success GET Users

15:28:35.684 [pool-4-thread-2] DEBUG net.thucydides.core.reports.ReportService - Processing test outcome Reqresin:Success POST login

15:28:35.684 [pool-4-thread-3] DEBUG net.thucydides.core.reports.ReportService - Processing test outcome Reqresin:Failed POST login

15:28:35.684 [pool-4-thread-4] DEBUG net.thucydides.core.reports.ReportService - Processing test outcome Reqresin:Success PUT update

15:28:35.684 [pool-4-thread-1] INFO net.thucydides.core.reports.ReportService - net.thucydides.core.reports.html.HtmlAcceptanceTestReporter@435d64c2: Generating report for test outcome: Reqresin:Success GET Users

15:28:35.684 [pool-4-thread-2] INFO net.thucydides.core.reports.ReportService - net.thucydides.core.reports.html.HtmlAcceptanceTestReporter@435d64c2: Generating report for test outcome: Reqresin:Success POST login

15:28:35.684 [pool-4-thread-3] INFO net.thucydides.core.reports.ReportService - net.thucydides.core.reports.html.HtmlAcceptanceTestReporter@435d64c2: Generating report for test outcome: Reqresin:Failed POST login

15:28:35.684 [pool-4-thread-4] INFO net.thucydides.core.reports.ReportService - net.thucydides.core.reports.html.HtmlAcceptanceTestReporter@435d64c2: Generating report for test outcome: Reqresin:Success PUT update

15:28:35.684 [pool-4-thread-5] DEBUG net.thucydides.core.reports.ReportService - Processing test outcome Reqresin:Success DELETE user

15:28:35.684 [pool-4-thread-5] INFO net.thucydides.core.reports.ReportService - net.thucydides.core.reports.html.HtmlAcceptanceTestReporter@435d64c2: Generating report for test outcome: Reqresin:Success DELETE user

15:28:35.684 [pool-4-thread-6] DEBUG net.thucydides.core.reports.ReportService - Processing test outcome Reqresin:Unsuccess POST Register

15:28:35.684 [pool-4-thread-7] DEBUG net.thucydides.core.reports.ReportService - Processing test outcome Reqresin:Success POST Register

15:28:35.684 [pool-4-thread-6] INFO net.thucydides.core.reports.ReportService - net.thucydides.core.reports.html.HtmlAcceptanceTestReporter@435d64c2: Generating report for test outcome: Reqresin:Unsuccess POST Register

15:28:35.684 [pool-4-thread-8] DEBUG net.thucydides.core.reports.ReportService - Processing test outcome Reqresin:Success POST Create

15:28:35.684 [pool-4-thread-8] INFO net.thucydides.core.reports.ReportService - net.thucydides.core.reports.html.HtmlAcceptanceTestReporter@435d64c2: Generating report for test outcome: Reqresin:Success POST Create

15:28:35.684 [pool-4-thread-7] INFO net.thucydides.core.reports.ReportService - net.thucydides.core.reports.html.HtmlAcceptanceTestReporter@435d64c2: Generating report for test outcome: Reqresin:Success POST Register

15:28:35.715 [pool-4-thread-6] WARN net.thucydides.core.requirements.RequirementsTagProvider - Failed to load requirements: Illegal char <:> at index 4: file:\D:\8.%20Alterra\31.rest-api\src\test\resources\api\Reqresin.feature
java.nio.file.InvalidPathException: Illegal char <:> at index 4: file:\D:\8.%20Alterra\31.rest-api\src\test\resources\api\Reqresin.feature
	at sun.nio.fs.WindowsPathParser.normalize(WindowsPathParser.java:182)
	at sun.nio.fs.WindowsPathParser.parse(WindowsPathParser.java:153)
	at sun.nio.fs.WindowsPathParser.parse(WindowsPathParser.java:77)
	at sun.nio.fs.WindowsPath.parse(WindowsPath.java:94)
	at sun.nio.fs.WindowsFileSystem.getPath(WindowsFileSystem.java:255)
	at java.io.File.toPath(File.java:2271)
	at net.thucydides.core.requirements.RootDirectory.getRelativePathOf(RootDirectory.java:364)
	at net.thucydides.core.requirements.FileSystemRequirementsTagProvider.requirementWithMatchingPath(FileSystemRequirementsTagProvider.java:372)
	at net.thucydides.core.requirements.FileSystemRequirementsTagProvider.getParentRequirementOf(FileSystemRequirementsTagProvider.java:335)
	at net.thucydides.core.requirements.ParentRequirementsProvided.forOutcome(ParentRequirementsProvided.java:26)
	at net.thucydides.core.requirements.BaseRequirementsService.getParentRequirementOf(BaseRequirementsService.java:138)
	at net.thucydides.core.requirements.BaseRequirementsService.getParentRequirementFor(BaseRequirementsService.java:48)
	at net.thucydides.core.reports.html.HtmlAcceptanceTestReporter.addParentRequirmentFieldToContext(HtmlAcceptanceTestReporter.java:196)
	at net.thucydides.core.reports.html.HtmlAcceptanceTestReporter.addTestOutcomeToContext(HtmlAcceptanceTestReporter.java:190)
	at net.thucydides.core.reports.html.HtmlAcceptanceTestReporter.generateReportFor(HtmlAcceptanceTestReporter.java:105)
	at net.thucydides.core.reports.ReportService.generateReportFor(ReportService.java:246)
	at net.thucydides.core.reports.ReportService.lambda$generateReportsFor$0(ReportService.java:184)
	at java.util.concurrent.Executors$RunnableAdapter.call(Executors.java:511)
	at java.util.concurrent.FutureTask.run(FutureTask.java:266)
	at java.util.concurrent.ThreadPoolExecutor.runWorker(ThreadPoolExecutor.java:1149)
	at java.util.concurrent.ThreadPoolExecutor$Worker.run(ThreadPoolExecutor.java:624)
	at java.lang.Thread.run(Thread.java:750)

15:28:35.715 [pool-4-thread-4] WARN net.thucydides.core.requirements.RequirementsTagProvider - Failed to load requirements: Illegal char <:> at index 4: file:\D:\8.%20Alterra\31.rest-api\src\test\resources\api\Reqresin.feature
java.nio.file.InvalidPathException: Illegal char <:> at index 4: file:\D:\8.%20Alterra\31.rest-api\src\test\resources\api\Reqresin.feature
	at sun.nio.fs.WindowsPathParser.normalize(WindowsPathParser.java:182)
	at sun.nio.fs.WindowsPathParser.parse(WindowsPathParser.java:153)
	at sun.nio.fs.WindowsPathParser.parse(WindowsPathParser.java:77)
	at sun.nio.fs.WindowsPath.parse(WindowsPath.java:94)
	at sun.nio.fs.WindowsFileSystem.getPath(WindowsFileSystem.java:255)
	at java.io.File.toPath(File.java:2271)
	at net.thucydides.core.requirements.RootDirectory.getRelativePathOf(RootDirectory.java:364)
	at net.thucydides.core.requirements.FileSystemRequirementsTagProvider.requirementWithMatchingPath(FileSystemRequirementsTagProvider.java:372)
	at net.thucydides.core.requirements.FileSystemRequirementsTagProvider.getParentRequirementOf(FileSystemRequirementsTagProvider.java:335)
	at net.thucydides.core.requirements.ParentRequirementsProvided.forOutcome(ParentRequirementsProvided.java:26)
	at net.thucydides.core.requirements.BaseRequirementsService.getParentRequirementOf(BaseRequirementsService.java:138)
	at net.thucydides.core.requirements.BaseRequirementsService.getParentRequirementFor(BaseRequirementsService.java:48)
	at net.thucydides.core.reports.html.HtmlAcceptanceTestReporter.addParentRequirmentFieldToContext(HtmlAcceptanceTestReporter.java:196)
	at net.thucydides.core.reports.html.HtmlAcceptanceTestReporter.addTestOutcomeToContext(HtmlAcceptanceTestReporter.java:190)
	at net.thucydides.core.reports.html.HtmlAcceptanceTestReporter.generateReportFor(HtmlAcceptanceTestReporter.java:105)
	at net.thucydides.core.reports.ReportService.generateReportFor(ReportService.java:246)
	at net.thucydides.core.reports.ReportService.lambda$generateReportsFor$0(ReportService.java:184)
	at java.util.concurrent.Executors$RunnableAdapter.call(Executors.java:511)
	at java.util.concurrent.FutureTask.run(FutureTask.java:266)
	at java.util.concurrent.ThreadPoolExecutor.runWorker(ThreadPoolExecutor.java:1149)
	at java.util.concurrent.ThreadPoolExecutor$Worker.run(ThreadPoolExecutor.java:624)
	at java.lang.Thread.run(Thread.java:750)

15:28:35.715 [pool-4-thread-1] WARN net.thucydides.core.requirements.RequirementsTagProvider - Failed to load requirements: Illegal char <:> at index 4: file:\D:\8.%20Alterra\31.rest-api\src\test\resources\api\Reqresin.feature
java.nio.file.InvalidPathException: Illegal char <:> at index 4: file:\D:\8.%20Alterra\31.rest-api\src\test\resources\api\Reqresin.feature
	at sun.nio.fs.WindowsPathParser.normalize(WindowsPathParser.java:182)
	at sun.nio.fs.WindowsPathParser.parse(WindowsPathParser.java:153)
	at sun.nio.fs.WindowsPathParser.parse(WindowsPathParser.java:77)
	at sun.nio.fs.WindowsPath.parse(WindowsPath.java:94)
	at sun.nio.fs.WindowsFileSystem.getPath(WindowsFileSystem.java:255)
	at java.io.File.toPath(File.java:2271)
	at net.thucydides.core.requirements.RootDirectory.getRelativePathOf(RootDirectory.java:364)
	at net.thucydides.core.requirements.FileSystemRequirementsTagProvider.requirementWithMatchingPath(FileSystemRequirementsTagProvider.java:372)
	at net.thucydides.core.requirements.FileSystemRequirementsTagProvider.getParentRequirementOf(FileSystemRequirementsTagProvider.java:335)
	at net.thucydides.core.requirements.ParentRequirementsProvided.forOutcome(ParentRequirementsProvided.java:26)
	at net.thucydides.core.requirements.BaseRequirementsService.getParentRequirementOf(BaseRequirementsService.java:138)
	at net.thucydides.core.requirements.BaseRequirementsService.getParentRequirementFor(BaseRequirementsService.java:48)
	at net.thucydides.core.reports.html.HtmlAcceptanceTestReporter.addParentRequirmentFieldToContext(HtmlAcceptanceTestReporter.java:196)
	at net.thucydides.core.reports.html.HtmlAcceptanceTestReporter.addTestOutcomeToContext(HtmlAcceptanceTestReporter.java:190)
	at net.thucydides.core.reports.html.HtmlAcceptanceTestReporter.generateReportFor(HtmlAcceptanceTestReporter.java:105)
	at net.thucydides.core.reports.ReportService.generateReportFor(ReportService.java:246)
	at net.thucydides.core.reports.ReportService.lambda$generateReportsFor$0(ReportService.java:184)
	at java.util.concurrent.Executors$RunnableAdapter.call(Executors.java:511)
	at java.util.concurrent.FutureTask.run(FutureTask.java:266)
	at java.util.concurrent.ThreadPoolExecutor.runWorker(ThreadPoolExecutor.java:1149)
	at java.util.concurrent.ThreadPoolExecutor$Worker.run(ThreadPoolExecutor.java:624)
	at java.lang.Thread.run(Thread.java:750)

15:28:35.715 [pool-4-thread-3] WARN net.thucydides.core.requirements.RequirementsTagProvider - Failed to load requirements: Illegal char <:> at index 4: file:\D:\8.%20Alterra\31.rest-api\src\test\resources\api\Reqresin.feature
java.nio.file.InvalidPathException: Illegal char <:> at index 4: file:\D:\8.%20Alterra\31.rest-api\src\test\resources\api\Reqresin.feature
	at sun.nio.fs.WindowsPathParser.normalize(WindowsPathParser.java:182)
	at sun.nio.fs.WindowsPathParser.parse(WindowsPathParser.java:153)
	at sun.nio.fs.WindowsPathParser.parse(WindowsPathParser.java:77)
	at sun.nio.fs.WindowsPath.parse(WindowsPath.java:94)
	at sun.nio.fs.WindowsFileSystem.getPath(WindowsFileSystem.java:255)
	at java.io.File.toPath(File.java:2271)
	at net.thucydides.core.requirements.RootDirectory.getRelativePathOf(RootDirectory.java:364)
	at net.thucydides.core.requirements.FileSystemRequirementsTagProvider.requirementWithMatchingPath(FileSystemRequirementsTagProvider.java:372)
	at net.thucydides.core.requirements.FileSystemRequirementsTagProvider.getParentRequirementOf(FileSystemRequirementsTagProvider.java:335)
	at net.thucydides.core.requirements.ParentRequirementsProvided.forOutcome(ParentRequirementsProvided.java:26)
	at net.thucydides.core.requirements.BaseRequirementsService.getParentRequirementOf(BaseRequirementsService.java:138)
	at net.thucydides.core.requirements.BaseRequirementsService.getParentRequirementFor(BaseRequirementsService.java:48)
	at net.thucydides.core.reports.html.HtmlAcceptanceTestReporter.addParentRequirmentFieldToContext(HtmlAcceptanceTestReporter.java:196)
	at net.thucydides.core.reports.html.HtmlAcceptanceTestReporter.addTestOutcomeToContext(HtmlAcceptanceTestReporter.java:190)
	at net.thucydides.core.reports.html.HtmlAcceptanceTestReporter.generateReportFor(HtmlAcceptanceTestReporter.java:105)
	at net.thucydides.core.reports.ReportService.generateReportFor(ReportService.java:246)
	at net.thucydides.core.reports.ReportService.lambda$generateReportsFor$0(ReportService.java:184)
	at java.util.concurrent.Executors$RunnableAdapter.call(Executors.java:511)
	at java.util.concurrent.FutureTask.run(FutureTask.java:266)
	at java.util.concurrent.ThreadPoolExecutor.runWorker(ThreadPoolExecutor.java:1149)
	at java.util.concurrent.ThreadPoolExecutor$Worker.run(ThreadPoolExecutor.java:624)
	at java.lang.Thread.run(Thread.java:750)

15:28:35.715 [pool-4-thread-5] WARN net.thucydides.core.requirements.RequirementsTagProvider - Failed to load requirements: Illegal char <:> at index 4: file:\D:\8.%20Alterra\31.rest-api\src\test\resources\api\Reqresin.feature
java.nio.file.InvalidPathException: Illegal char <:> at index 4: file:\D:\8.%20Alterra\31.rest-api\src\test\resources\api\Reqresin.feature
	at sun.nio.fs.WindowsPathParser.normalize(WindowsPathParser.java:182)
	at sun.nio.fs.WindowsPathParser.parse(WindowsPathParser.java:153)
	at sun.nio.fs.WindowsPathParser.parse(WindowsPathParser.java:77)
	at sun.nio.fs.WindowsPath.parse(WindowsPath.java:94)
	at sun.nio.fs.WindowsFileSystem.getPath(WindowsFileSystem.java:255)
	at java.io.File.toPath(File.java:2271)
	at net.thucydides.core.requirements.RootDirectory.getRelativePathOf(RootDirectory.java:364)
	at net.thucydides.core.requirements.FileSystemRequirementsTagProvider.requirementWithMatchingPath(FileSystemRequirementsTagProvider.java:372)
	at net.thucydides.core.requirements.FileSystemRequirementsTagProvider.getParentRequirementOf(FileSystemRequirementsTagProvider.java:335)
	at net.thucydides.core.requirements.ParentRequirementsProvided.forOutcome(ParentRequirementsProvided.java:26)
	at net.thucydides.core.requirements.BaseRequirementsService.getParentRequirementOf(BaseRequirementsService.java:138)
	at net.thucydides.core.requirements.BaseRequirementsService.getParentRequirementFor(BaseRequirementsService.java:48)
	at net.thucydides.core.reports.html.HtmlAcceptanceTestReporter.addParentRequirmentFieldToContext(HtmlAcceptanceTestReporter.java:196)
	at net.thucydides.core.reports.html.HtmlAcceptanceTestReporter.addTestOutcomeToContext(HtmlAcceptanceTestReporter.java:190)
	at net.thucydides.core.reports.html.HtmlAcceptanceTestReporter.generateReportFor(HtmlAcceptanceTestReporter.java:105)
	at net.thucydides.core.reports.ReportService.generateReportFor(ReportService.java:246)
	at net.thucydides.core.reports.ReportService.lambda$generateReportsFor$0(ReportService.java:184)
	at java.util.concurrent.Executors$RunnableAdapter.call(Executors.java:511)
	at java.util.concurrent.FutureTask.run(FutureTask.java:266)
	at java.util.concurrent.ThreadPoolExecutor.runWorker(ThreadPoolExecutor.java:1149)
	at java.util.concurrent.ThreadPoolExecutor$Worker.run(ThreadPoolExecutor.java:624)
	at java.lang.Thread.run(Thread.java:750)

15:28:35.715 [pool-4-thread-8] WARN net.thucydides.core.requirements.RequirementsTagProvider - Failed to load requirements: Illegal char <:> at index 4: file:\D:\8.%20Alterra\31.rest-api\src\test\resources\api\Reqresin.feature
java.nio.file.InvalidPathException: Illegal char <:> at index 4: file:\D:\8.%20Alterra\31.rest-api\src\test\resources\api\Reqresin.feature
	at sun.nio.fs.WindowsPathParser.normalize(WindowsPathParser.java:182)
	at sun.nio.fs.WindowsPathParser.parse(WindowsPathParser.java:153)
	at sun.nio.fs.WindowsPathParser.parse(WindowsPathParser.java:77)
	at sun.nio.fs.WindowsPath.parse(WindowsPath.java:94)
	at sun.nio.fs.WindowsFileSystem.getPath(WindowsFileSystem.java:255)
	at java.io.File.toPath(File.java:2271)
	at net.thucydides.core.requirements.RootDirectory.getRelativePathOf(RootDirectory.java:364)
	at net.thucydides.core.requirements.FileSystemRequirementsTagProvider.requirementWithMatchingPath(FileSystemRequirementsTagProvider.java:372)
	at net.thucydides.core.requirements.FileSystemRequirementsTagProvider.getParentRequirementOf(FileSystemRequirementsTagProvider.java:335)
	at net.thucydides.core.requirements.ParentRequirementsProvided.forOutcome(ParentRequirementsProvided.java:26)
	at net.thucydides.core.requirements.BaseRequirementsService.getParentRequirementOf(BaseRequirementsService.java:138)
	at net.thucydides.core.requirements.BaseRequirementsService.getParentRequirementFor(BaseRequirementsService.java:48)
	at net.thucydides.core.reports.html.HtmlAcceptanceTestReporter.addParentRequirmentFieldToContext(HtmlAcceptanceTestReporter.java:196)
	at net.thucydides.core.reports.html.HtmlAcceptanceTestReporter.addTestOutcomeToContext(HtmlAcceptanceTestReporter.java:190)
	at net.thucydides.core.reports.html.HtmlAcceptanceTestReporter.generateReportFor(HtmlAcceptanceTestReporter.java:105)
	at net.thucydides.core.reports.ReportService.generateReportFor(ReportService.java:246)
	at net.thucydides.core.reports.ReportService.lambda$generateReportsFor$0(ReportService.java:184)
	at java.util.concurrent.Executors$RunnableAdapter.call(Executors.java:511)
	at java.util.concurrent.FutureTask.run(FutureTask.java:266)
	at java.util.concurrent.ThreadPoolExecutor.runWorker(ThreadPoolExecutor.java:1149)
	at java.util.concurrent.ThreadPoolExecutor$Worker.run(ThreadPoolExecutor.java:624)
	at java.lang.Thread.run(Thread.java:750)

15:28:35.715 [pool-4-thread-2] WARN net.thucydides.core.requirements.RequirementsTagProvider - Failed to load requirements: Illegal char <:> at index 4: file:\D:\8.%20Alterra\31.rest-api\src\test\resources\api\Reqresin.feature
java.nio.file.InvalidPathException: Illegal char <:> at index 4: file:\D:\8.%20Alterra\31.rest-api\src\test\resources\api\Reqresin.feature
	at sun.nio.fs.WindowsPathParser.normalize(WindowsPathParser.java:182)
	at sun.nio.fs.WindowsPathParser.parse(WindowsPathParser.java:153)
	at sun.nio.fs.WindowsPathParser.parse(WindowsPathParser.java:77)
	at sun.nio.fs.WindowsPath.parse(WindowsPath.java:94)
	at sun.nio.fs.WindowsFileSystem.getPath(WindowsFileSystem.java:255)
	at java.io.File.toPath(File.java:2271)
	at net.thucydides.core.requirements.RootDirectory.getRelativePathOf(RootDirectory.java:364)
	at net.thucydides.core.requirements.FileSystemRequirementsTagProvider.requirementWithMatchingPath(FileSystemRequirementsTagProvider.java:372)
	at net.thucydides.core.requirements.FileSystemRequirementsTagProvider.getParentRequirementOf(FileSystemRequirementsTagProvider.java:335)
	at net.thucydides.core.requirements.ParentRequirementsProvided.forOutcome(ParentRequirementsProvided.java:26)
	at net.thucydides.core.requirements.BaseRequirementsService.getParentRequirementOf(BaseRequirementsService.java:138)
	at net.thucydides.core.requirements.BaseRequirementsService.getParentRequirementFor(BaseRequirementsService.java:48)
	at net.thucydides.core.reports.html.HtmlAcceptanceTestReporter.addParentRequirmentFieldToContext(HtmlAcceptanceTestReporter.java:196)
	at net.thucydides.core.reports.html.HtmlAcceptanceTestReporter.addTestOutcomeToContext(HtmlAcceptanceTestReporter.java:190)
	at net.thucydides.core.reports.html.HtmlAcceptanceTestReporter.generateReportFor(HtmlAcceptanceTestReporter.java:105)
	at net.thucydides.core.reports.ReportService.generateReportFor(ReportService.java:246)
	at net.thucydides.core.reports.ReportService.lambda$generateReportsFor$0(ReportService.java:184)
	at java.util.concurrent.Executors$RunnableAdapter.call(Executors.java:511)
	at java.util.concurrent.FutureTask.run(FutureTask.java:266)
	at java.util.concurrent.ThreadPoolExecutor.runWorker(ThreadPoolExecutor.java:1149)
	at java.util.concurrent.ThreadPoolExecutor$Worker.run(ThreadPoolExecutor.java:624)
	at java.lang.Thread.run(Thread.java:750)

15:28:35.715 [pool-4-thread-7] WARN net.thucydides.core.requirements.RequirementsTagProvider - Failed to load requirements: Illegal char <:> at index 4: file:\D:\8.%20Alterra\31.rest-api\src\test\resources\api\Reqresin.feature
java.nio.file.InvalidPathException: Illegal char <:> at index 4: file:\D:\8.%20Alterra\31.rest-api\src\test\resources\api\Reqresin.feature
	at sun.nio.fs.WindowsPathParser.normalize(WindowsPathParser.java:182)
	at sun.nio.fs.WindowsPathParser.parse(WindowsPathParser.java:153)
	at sun.nio.fs.WindowsPathParser.parse(WindowsPathParser.java:77)
	at sun.nio.fs.WindowsPath.parse(WindowsPath.java:94)
	at sun.nio.fs.WindowsFileSystem.getPath(WindowsFileSystem.java:255)
	at java.io.File.toPath(File.java:2271)
	at net.thucydides.core.requirements.RootDirectory.getRelativePathOf(RootDirectory.java:364)
	at net.thucydides.core.requirements.FileSystemRequirementsTagProvider.requirementWithMatchingPath(FileSystemRequirementsTagProvider.java:372)
	at net.thucydides.core.requirements.FileSystemRequirementsTagProvider.getParentRequirementOf(FileSystemRequirementsTagProvider.java:335)
	at net.thucydides.core.requirements.ParentRequirementsProvided.forOutcome(ParentRequirementsProvided.java:26)
	at net.thucydides.core.requirements.BaseRequirementsService.getParentRequirementOf(BaseRequirementsService.java:138)
	at net.thucydides.core.requirements.BaseRequirementsService.getParentRequirementFor(BaseRequirementsService.java:48)
	at net.thucydides.core.reports.html.HtmlAcceptanceTestReporter.addParentRequirmentFieldToContext(HtmlAcceptanceTestReporter.java:196)
	at net.thucydides.core.reports.html.HtmlAcceptanceTestReporter.addTestOutcomeToContext(HtmlAcceptanceTestReporter.java:190)
	at net.thucydides.core.reports.html.HtmlAcceptanceTestReporter.generateReportFor(HtmlAcceptanceTestReporter.java:105)
	at net.thucydides.core.reports.ReportService.generateReportFor(ReportService.java:246)
	at net.thucydides.core.reports.ReportService.lambda$generateReportsFor$0(ReportService.java:184)
	at java.util.concurrent.Executors$RunnableAdapter.call(Executors.java:511)
	at java.util.concurrent.FutureTask.run(FutureTask.java:266)
	at java.util.concurrent.ThreadPoolExecutor.runWorker(ThreadPoolExecutor.java:1149)
	at java.util.concurrent.ThreadPoolExecutor$Worker.run(ThreadPoolExecutor.java:624)
	at java.lang.Thread.run(Thread.java:750)

15:28:35.715 [pool-4-thread-4] WARN net.thucydides.core.requirements.RequirementsTagProvider - Failed to load requirements: Illegal char <:> at index 4: file:\D:\8.%20Alterra\31.rest-api\src\test\resources\api\Reqresin.feature
java.nio.file.InvalidPathException: Illegal char <:> at index 4: file:\D:\8.%20Alterra\31.rest-api\src\test\resources\api\Reqresin.feature
	at sun.nio.fs.WindowsPathParser.normalize(WindowsPathParser.java:182)
	at sun.nio.fs.WindowsPathParser.parse(WindowsPathParser.java:153)
	at sun.nio.fs.WindowsPathParser.parse(WindowsPathParser.java:77)
	at sun.nio.fs.WindowsPath.parse(WindowsPath.java:94)
	at sun.nio.fs.WindowsFileSystem.getPath(WindowsFileSystem.java:255)
	at java.io.File.toPath(File.java:2271)
	at net.thucydides.core.requirements.RootDirectory.getRelativePathOf(RootDirectory.java:364)
	at net.thucydides.core.requirements.FileSystemRequirementsTagProvider.requirementWithMatchingPath(FileSystemRequirementsTagProvider.java:372)
	at net.thucydides.core.requirements.FileSystemRequirementsTagProvider.getParentRequirementOf(FileSystemRequirementsTagProvider.java:335)
	at net.thucydides.core.requirements.ParentRequirementsProvided.forOutcome(ParentRequirementsProvided.java:26)
	at net.thucydides.core.requirements.BaseRequirementsService.getParentRequirementOf(BaseRequirementsService.java:138)
	at net.thucydides.core.requirements.BaseRequirementsService.getAncestorRequirementsFor(BaseRequirementsService.java:78)
	at net.thucydides.core.reports.html.HtmlAcceptanceTestReporter.addBreadcrumbs(HtmlAcceptanceTestReporter.java:226)
	at net.thucydides.core.reports.html.HtmlAcceptanceTestReporter.addParentRequirmentFieldToContext(HtmlAcceptanceTestReporter.java:214)
	at net.thucydides.core.reports.html.HtmlAcceptanceTestReporter.addTestOutcomeToContext(HtmlAcceptanceTestReporter.java:190)
	at net.thucydides.core.reports.html.HtmlAcceptanceTestReporter.generateReportFor(HtmlAcceptanceTestReporter.java:105)
	at net.thucydides.core.reports.ReportService.generateReportFor(ReportService.java:246)
	at net.thucydides.core.reports.ReportService.lambda$generateReportsFor$0(ReportService.java:184)
	at java.util.concurrent.Executors$RunnableAdapter.call(Executors.java:511)
	at java.util.concurrent.FutureTask.run(FutureTask.java:266)
	at java.util.concurrent.ThreadPoolExecutor.runWorker(ThreadPoolExecutor.java:1149)
	at java.util.concurrent.ThreadPoolExecutor$Worker.run(ThreadPoolExecutor.java:624)
	at java.lang.Thread.run(Thread.java:750)

15:28:35.715 [pool-4-thread-5] WARN net.thucydides.core.requirements.RequirementsTagProvider - Failed to load requirements: Illegal char <:> at index 4: file:\D:\8.%20Alterra\31.rest-api\src\test\resources\api\Reqresin.feature
java.nio.file.InvalidPathException: Illegal char <:> at index 4: file:\D:\8.%20Alterra\31.rest-api\src\test\resources\api\Reqresin.feature
	at sun.nio.fs.WindowsPathParser.normalize(WindowsPathParser.java:182)
	at sun.nio.fs.WindowsPathParser.parse(WindowsPathParser.java:153)
	at sun.nio.fs.WindowsPathParser.parse(WindowsPathParser.java:77)
	at sun.nio.fs.WindowsPath.parse(WindowsPath.java:94)
	at sun.nio.fs.WindowsFileSystem.getPath(WindowsFileSystem.java:255)
	at java.io.File.toPath(File.java:2271)
	at net.thucydides.core.requirements.RootDirectory.getRelativePathOf(RootDirectory.java:364)
	at net.thucydides.core.requirements.FileSystemRequirementsTagProvider.requirementWithMatchingPath(FileSystemRequirementsTagProvider.java:372)
	at net.thucydides.core.requirements.FileSystemRequirementsTagProvider.getParentRequirementOf(FileSystemRequirementsTagProvider.java:335)
	at net.thucydides.core.requirements.ParentRequirementsProvided.forOutcome(ParentRequirementsProvided.java:26)
	at net.thucydides.core.requirements.BaseRequirementsService.getParentRequirementOf(BaseRequirementsService.java:138)
	at net.thucydides.core.requirements.BaseRequirementsService.getAncestorRequirementsFor(BaseRequirementsService.java:78)
	at net.thucydides.core.reports.html.HtmlAcceptanceTestReporter.addBreadcrumbs(HtmlAcceptanceTestReporter.java:226)
	at net.thucydides.core.reports.html.HtmlAcceptanceTestReporter.addParentRequirmentFieldToContext(HtmlAcceptanceTestReporter.java:214)
	at net.thucydides.core.reports.html.HtmlAcceptanceTestReporter.addTestOutcomeToContext(HtmlAcceptanceTestReporter.java:190)
	at net.thucydides.core.reports.html.HtmlAcceptanceTestReporter.generateReportFor(HtmlAcceptanceTestReporter.java:105)
	at net.thucydides.core.reports.ReportService.generateReportFor(ReportService.java:246)
	at net.thucydides.core.reports.ReportService.lambda$generateReportsFor$0(ReportService.java:184)
	at java.util.concurrent.Executors$RunnableAdapter.call(Executors.java:511)
	at java.util.concurrent.FutureTask.run(FutureTask.java:266)
	at java.util.concurrent.ThreadPoolExecutor.runWorker(ThreadPoolExecutor.java:1149)
	at java.util.concurrent.ThreadPoolExecutor$Worker.run(ThreadPoolExecutor.java:624)
	at java.lang.Thread.run(Thread.java:750)

15:28:35.715 [pool-4-thread-6] WARN net.thucydides.core.requirements.RequirementsTagProvider - Failed to load requirements: Illegal char <:> at index 4: file:\D:\8.%20Alterra\31.rest-api\src\test\resources\api\Reqresin.feature
java.nio.file.InvalidPathException: Illegal char <:> at index 4: file:\D:\8.%20Alterra\31.rest-api\src\test\resources\api\Reqresin.feature
	at sun.nio.fs.WindowsPathParser.normalize(WindowsPathParser.java:182)
	at sun.nio.fs.WindowsPathParser.parse(WindowsPathParser.java:153)
	at sun.nio.fs.WindowsPathParser.parse(WindowsPathParser.java:77)
	at sun.nio.fs.WindowsPath.parse(WindowsPath.java:94)
	at sun.nio.fs.WindowsFileSystem.getPath(WindowsFileSystem.java:255)
	at java.io.File.toPath(File.java:2271)
	at net.thucydides.core.requirements.RootDirectory.getRelativePathOf(RootDirectory.java:364)
	at net.thucydides.core.requirements.FileSystemRequirementsTagProvider.requirementWithMatchingPath(FileSystemRequirementsTagProvider.java:372)
	at net.thucydides.core.requirements.FileSystemRequirementsTagProvider.getParentRequirementOf(FileSystemRequirementsTagProvider.java:335)
	at net.thucydides.core.requirements.ParentRequirementsProvided.forOutcome(ParentRequirementsProvided.java:26)
	at net.thucydides.core.requirements.BaseRequirementsService.getParentRequirementOf(BaseRequirementsService.java:138)
	at net.thucydides.core.requirements.BaseRequirementsService.getAncestorRequirementsFor(BaseRequirementsService.java:78)
	at net.thucydides.core.reports.html.HtmlAcceptanceTestReporter.addBreadcrumbs(HtmlAcceptanceTestReporter.java:226)
	at net.thucydides.core.reports.html.HtmlAcceptanceTestReporter.addParentRequirmentFieldToContext(HtmlAcceptanceTestReporter.java:214)
	at net.thucydides.core.reports.html.HtmlAcceptanceTestReporter.addTestOutcomeToContext(HtmlAcceptanceTestReporter.java:190)
	at net.thucydides.core.reports.html.HtmlAcceptanceTestReporter.generateReportFor(HtmlAcceptanceTestReporter.java:105)
	at net.thucydides.core.reports.ReportService.generateReportFor(ReportService.java:246)
	at net.thucydides.core.reports.ReportService.lambda$generateReportsFor$0(ReportService.java:184)
	at java.util.concurrent.Executors$RunnableAdapter.call(Executors.java:511)
	at java.util.concurrent.FutureTask.run(FutureTask.java:266)
	at java.util.concurrent.ThreadPoolExecutor.runWorker(ThreadPoolExecutor.java:1149)
	at java.util.concurrent.ThreadPoolExecutor$Worker.run(ThreadPoolExecutor.java:624)
	at java.lang.Thread.run(Thread.java:750)

15:28:35.715 [pool-4-thread-8] WARN net.thucydides.core.requirements.RequirementsTagProvider - Failed to load requirements: Illegal char <:> at index 4: file:\D:\8.%20Alterra\31.rest-api\src\test\resources\api\Reqresin.feature
java.nio.file.InvalidPathException: Illegal char <:> at index 4: file:\D:\8.%20Alterra\31.rest-api\src\test\resources\api\Reqresin.feature
	at sun.nio.fs.WindowsPathParser.normalize(WindowsPathParser.java:182)
	at sun.nio.fs.WindowsPathParser.parse(WindowsPathParser.java:153)
	at sun.nio.fs.WindowsPathParser.parse(WindowsPathParser.java:77)
	at sun.nio.fs.WindowsPath.parse(WindowsPath.java:94)
	at sun.nio.fs.WindowsFileSystem.getPath(WindowsFileSystem.java:255)
	at java.io.File.toPath(File.java:2271)
	at net.thucydides.core.requirements.RootDirectory.getRelativePathOf(RootDirectory.java:364)
	at net.thucydides.core.requirements.FileSystemRequirementsTagProvider.requirementWithMatchingPath(FileSystemRequirementsTagProvider.java:372)
	at net.thucydides.core.requirements.FileSystemRequirementsTagProvider.getParentRequirementOf(FileSystemRequirementsTagProvider.java:335)
	at net.thucydides.core.requirements.ParentRequirementsProvided.forOutcome(ParentRequirementsProvided.java:26)
	at net.thucydides.core.requirements.BaseRequirementsService.getParentRequirementOf(BaseRequirementsService.java:138)
	at net.thucydides.core.requirements.BaseRequirementsService.getAncestorRequirementsFor(BaseRequirementsService.java:78)
	at net.thucydides.core.reports.html.HtmlAcceptanceTestReporter.addBreadcrumbs(HtmlAcceptanceTestReporter.java:226)
	at net.thucydides.core.reports.html.HtmlAcceptanceTestReporter.addParentRequirmentFieldToContext(HtmlAcceptanceTestReporter.java:214)
	at net.thucydides.core.reports.html.HtmlAcceptanceTestReporter.addTestOutcomeToContext(HtmlAcceptanceTestReporter.java:190)
	at net.thucydides.core.reports.html.HtmlAcceptanceTestReporter.generateReportFor(HtmlAcceptanceTestReporter.java:105)
	at net.thucydides.core.reports.ReportService.generateReportFor(ReportService.java:246)
	at net.thucydides.core.reports.ReportService.lambda$generateReportsFor$0(ReportService.java:184)
	at java.util.concurrent.Executors$RunnableAdapter.call(Executors.java:511)
	at java.util.concurrent.FutureTask.run(FutureTask.java:266)
	at java.util.concurrent.ThreadPoolExecutor.runWorker(ThreadPoolExecutor.java:1149)
	at java.util.concurrent.ThreadPoolExecutor$Worker.run(ThreadPoolExecutor.java:624)
	at java.lang.Thread.run(Thread.java:750)

15:28:35.715 [pool-4-thread-1] WARN net.thucydides.core.requirements.RequirementsTagProvider - Failed to load requirements: Illegal char <:> at index 4: file:\D:\8.%20Alterra\31.rest-api\src\test\resources\api\Reqresin.feature
java.nio.file.InvalidPathException: Illegal char <:> at index 4: file:\D:\8.%20Alterra\31.rest-api\src\test\resources\api\Reqresin.feature
	at sun.nio.fs.WindowsPathParser.normalize(WindowsPathParser.java:182)
	at sun.nio.fs.WindowsPathParser.parse(WindowsPathParser.java:153)
	at sun.nio.fs.WindowsPathParser.parse(WindowsPathParser.java:77)
	at sun.nio.fs.WindowsPath.parse(WindowsPath.java:94)
	at sun.nio.fs.WindowsFileSystem.getPath(WindowsFileSystem.java:255)
	at java.io.File.toPath(File.java:2271)
	at net.thucydides.core.requirements.RootDirectory.getRelativePathOf(RootDirectory.java:364)
	at net.thucydides.core.requirements.FileSystemRequirementsTagProvider.requirementWithMatchingPath(FileSystemRequirementsTagProvider.java:372)
	at net.thucydides.core.requirements.FileSystemRequirementsTagProvider.getParentRequirementOf(FileSystemRequirementsTagProvider.java:335)
	at net.thucydides.core.requirements.ParentRequirementsProvided.forOutcome(ParentRequirementsProvided.java:26)
	at net.thucydides.core.requirements.BaseRequirementsService.getParentRequirementOf(BaseRequirementsService.java:138)
	at net.thucydides.core.requirements.BaseRequirementsService.getAncestorRequirementsFor(BaseRequirementsService.java:78)
	at net.thucydides.core.reports.html.HtmlAcceptanceTestReporter.addBreadcrumbs(HtmlAcceptanceTestReporter.java:226)
	at net.thucydides.core.reports.html.HtmlAcceptanceTestReporter.addParentRequirmentFieldToContext(HtmlAcceptanceTestReporter.java:214)
	at net.thucydides.core.reports.html.HtmlAcceptanceTestReporter.addTestOutcomeToContext(HtmlAcceptanceTestReporter.java:190)
	at net.thucydides.core.reports.html.HtmlAcceptanceTestReporter.generateReportFor(HtmlAcceptanceTestReporter.java:105)
	at net.thucydides.core.reports.ReportService.generateReportFor(ReportService.java:246)
	at net.thucydides.core.reports.ReportService.lambda$generateReportsFor$0(ReportService.java:184)
	at java.util.concurrent.Executors$RunnableAdapter.call(Executors.java:511)
	at java.util.concurrent.FutureTask.run(FutureTask.java:266)
	at java.util.concurrent.ThreadPoolExecutor.runWorker(ThreadPoolExecutor.java:1149)
	at java.util.concurrent.ThreadPoolExecutor$Worker.run(ThreadPoolExecutor.java:624)
	at java.lang.Thread.run(Thread.java:750)

15:28:35.715 [pool-4-thread-3] WARN net.thucydides.core.requirements.RequirementsTagProvider - Failed to load requirements: Illegal char <:> at index 4: file:\D:\8.%20Alterra\31.rest-api\src\test\resources\api\Reqresin.feature
java.nio.file.InvalidPathException: Illegal char <:> at index 4: file:\D:\8.%20Alterra\31.rest-api\src\test\resources\api\Reqresin.feature
	at sun.nio.fs.WindowsPathParser.normalize(WindowsPathParser.java:182)
	at sun.nio.fs.WindowsPathParser.parse(WindowsPathParser.java:153)
	at sun.nio.fs.WindowsPathParser.parse(WindowsPathParser.java:77)
	at sun.nio.fs.WindowsPath.parse(WindowsPath.java:94)
	at sun.nio.fs.WindowsFileSystem.getPath(WindowsFileSystem.java:255)
	at java.io.File.toPath(File.java:2271)
	at net.thucydides.core.requirements.RootDirectory.getRelativePathOf(RootDirectory.java:364)
	at net.thucydides.core.requirements.FileSystemRequirementsTagProvider.requirementWithMatchingPath(FileSystemRequirementsTagProvider.java:372)
	at net.thucydides.core.requirements.FileSystemRequirementsTagProvider.getParentRequirementOf(FileSystemRequirementsTagProvider.java:335)
	at net.thucydides.core.requirements.ParentRequirementsProvided.forOutcome(ParentRequirementsProvided.java:26)
	at net.thucydides.core.requirements.BaseRequirementsService.getParentRequirementOf(BaseRequirementsService.java:138)
	at net.thucydides.core.requirements.BaseRequirementsService.getAncestorRequirementsFor(BaseRequirementsService.java:78)
	at net.thucydides.core.reports.html.HtmlAcceptanceTestReporter.addBreadcrumbs(HtmlAcceptanceTestReporter.java:226)
	at net.thucydides.core.reports.html.HtmlAcceptanceTestReporter.addParentRequirmentFieldToContext(HtmlAcceptanceTestReporter.java:214)
	at net.thucydides.core.reports.html.HtmlAcceptanceTestReporter.addTestOutcomeToContext(HtmlAcceptanceTestReporter.java:190)
	at net.thucydides.core.reports.html.HtmlAcceptanceTestReporter.generateReportFor(HtmlAcceptanceTestReporter.java:105)
	at net.thucydides.core.reports.ReportService.generateReportFor(ReportService.java:246)
	at net.thucydides.core.reports.ReportService.lambda$generateReportsFor$0(ReportService.java:184)
	at java.util.concurrent.Executors$RunnableAdapter.call(Executors.java:511)
	at java.util.concurrent.FutureTask.run(FutureTask.java:266)
	at java.util.concurrent.ThreadPoolExecutor.runWorker(ThreadPoolExecutor.java:1149)
	at java.util.concurrent.ThreadPoolExecutor$Worker.run(ThreadPoolExecutor.java:624)
	at java.lang.Thread.run(Thread.java:750)

15:28:35.715 [pool-4-thread-1] WARN net.thucydides.core.requirements.RequirementsTagProvider - Failed to load requirements: Illegal char <:> at index 4: file:\D:\8.%20Alterra\31.rest-api\src\test\resources\api\Reqresin.feature
java.nio.file.InvalidPathException: Illegal char <:> at index 4: file:\D:\8.%20Alterra\31.rest-api\src\test\resources\api\Reqresin.feature
	at sun.nio.fs.WindowsPathParser.normalize(WindowsPathParser.java:182)
	at sun.nio.fs.WindowsPathParser.parse(WindowsPathParser.java:153)
	at sun.nio.fs.WindowsPathParser.parse(WindowsPathParser.java:77)
	at sun.nio.fs.WindowsPath.parse(WindowsPath.java:94)
	at sun.nio.fs.WindowsFileSystem.getPath(WindowsFileSystem.java:255)
	at java.io.File.toPath(File.java:2271)
	at net.thucydides.core.requirements.RootDirectory.getRelativePathOf(RootDirectory.java:364)
	at net.thucydides.core.requirements.FileSystemRequirementsTagProvider.requirementWithMatchingPath(FileSystemRequirementsTagProvider.java:372)
	at net.thucydides.core.requirements.FileSystemRequirementsTagProvider.getParentRequirementOf(FileSystemRequirementsTagProvider.java:335)
	at net.thucydides.core.requirements.ParentRequirementsProvided.forOutcome(ParentRequirementsProvided.java:26)
	at net.thucydides.core.requirements.BaseRequirementsService.getParentRequirementOf(BaseRequirementsService.java:138)
	at net.thucydides.core.requirements.BaseRequirementsService.getAncestorRequirementsFor(BaseRequirementsService.java:78)
	at net.thucydides.core.tags.BreadcrumbTagFilter.getRequirementBreadcrumbsFrom(BreadcrumbTagFilter.java:51)
	at net.thucydides.core.reports.html.HtmlAcceptanceTestReporter.addBreadcrumbs(HtmlAcceptanceTestReporter.java:227)
	at net.thucydides.core.reports.html.HtmlAcceptanceTestReporter.addParentRequirmentFieldToContext(HtmlAcceptanceTestReporter.java:214)
	at net.thucydides.core.reports.html.HtmlAcceptanceTestReporter.addTestOutcomeToContext(HtmlAcceptanceTestReporter.java:190)
	at net.thucydides.core.reports.html.HtmlAcceptanceTestReporter.generateReportFor(HtmlAcceptanceTestReporter.java:105)
	at net.thucydides.core.reports.ReportService.generateReportFor(ReportService.java:246)
	at net.thucydides.core.reports.ReportService.lambda$generateReportsFor$0(ReportService.java:184)
	at java.util.concurrent.Executors$RunnableAdapter.call(Executors.java:511)
	at java.util.concurrent.FutureTask.run(FutureTask.java:266)
	at java.util.concurrent.ThreadPoolExecutor.runWorker(ThreadPoolExecutor.java:1149)
	at java.util.concurrent.ThreadPoolExecutor$Worker.run(ThreadPoolExecutor.java:624)
	at java.lang.Thread.run(Thread.java:750)

15:28:35.715 [pool-4-thread-3] WARN net.thucydides.core.requirements.RequirementsTagProvider - Failed to load requirements: Illegal char <:> at index 4: file:\D:\8.%20Alterra\31.rest-api\src\test\resources\api\Reqresin.feature
java.nio.file.InvalidPathException: Illegal char <:> at index 4: file:\D:\8.%20Alterra\31.rest-api\src\test\resources\api\Reqresin.feature
	at sun.nio.fs.WindowsPathParser.normalize(WindowsPathParser.java:182)
	at sun.nio.fs.WindowsPathParser.parse(WindowsPathParser.java:153)
	at sun.nio.fs.WindowsPathParser.parse(WindowsPathParser.java:77)
	at sun.nio.fs.WindowsPath.parse(WindowsPath.java:94)
	at sun.nio.fs.WindowsFileSystem.getPath(WindowsFileSystem.java:255)
	at java.io.File.toPath(File.java:2271)
	at net.thucydides.core.requirements.RootDirectory.getRelativePathOf(RootDirectory.java:364)
	at net.thucydides.core.requirements.FileSystemRequirementsTagProvider.requirementWithMatchingPath(FileSystemRequirementsTagProvider.java:372)
	at net.thucydides.core.requirements.FileSystemRequirementsTagProvider.getParentRequirementOf(FileSystemRequirementsTagProvider.java:335)
	at net.thucydides.core.requirements.ParentRequirementsProvided.forOutcome(ParentRequirementsProvided.java:26)
	at net.thucydides.core.requirements.BaseRequirementsService.getParentRequirementOf(BaseRequirementsService.java:138)
	at net.thucydides.core.requirements.BaseRequirementsService.getAncestorRequirementsFor(BaseRequirementsService.java:78)
	at net.thucydides.core.tags.BreadcrumbTagFilter.getRequirementBreadcrumbsFrom(BreadcrumbTagFilter.java:51)
	at net.thucydides.core.reports.html.HtmlAcceptanceTestReporter.addBreadcrumbs(HtmlAcceptanceTestReporter.java:227)
	at net.thucydides.core.reports.html.HtmlAcceptanceTestReporter.addParentRequirmentFieldToContext(HtmlAcceptanceTestReporter.java:214)
	at net.thucydides.core.reports.html.HtmlAcceptanceTestReporter.addTestOutcomeToContext(HtmlAcceptanceTestReporter.java:190)
	at net.thucydides.core.reports.html.HtmlAcceptanceTestReporter.generateReportFor(HtmlAcceptanceTestReporter.java:105)
	at net.thucydides.core.reports.ReportService.generateReportFor(ReportService.java:246)
	at net.thucydides.core.reports.ReportService.lambda$generateReportsFor$0(ReportService.java:184)
	at java.util.concurrent.Executors$RunnableAdapter.call(Executors.java:511)
	at java.util.concurrent.FutureTask.run(FutureTask.java:266)
	at java.util.concurrent.ThreadPoolExecutor.runWorker(ThreadPoolExecutor.java:1149)
	at java.util.concurrent.ThreadPoolExecutor$Worker.run(ThreadPoolExecutor.java:624)
	at java.lang.Thread.run(Thread.java:750)

15:28:35.715 [pool-4-thread-8] WARN net.thucydides.core.requirements.RequirementsTagProvider - Failed to load requirements: Illegal char <:> at index 4: file:\D:\8.%20Alterra\31.rest-api\src\test\resources\api\Reqresin.feature
java.nio.file.InvalidPathException: Illegal char <:> at index 4: file:\D:\8.%20Alterra\31.rest-api\src\test\resources\api\Reqresin.feature
	at sun.nio.fs.WindowsPathParser.normalize(WindowsPathParser.java:182)
	at sun.nio.fs.WindowsPathParser.parse(WindowsPathParser.java:153)
	at sun.nio.fs.WindowsPathParser.parse(WindowsPathParser.java:77)
	at sun.nio.fs.WindowsPath.parse(WindowsPath.java:94)
	at sun.nio.fs.WindowsFileSystem.getPath(WindowsFileSystem.java:255)
	at java.io.File.toPath(File.java:2271)
	at net.thucydides.core.requirements.RootDirectory.getRelativePathOf(RootDirectory.java:364)
	at net.thucydides.core.requirements.FileSystemRequirementsTagProvider.requirementWithMatchingPath(FileSystemRequirementsTagProvider.java:372)
	at net.thucydides.core.requirements.FileSystemRequirementsTagProvider.getParentRequirementOf(FileSystemRequirementsTagProvider.java:335)
	at net.thucydides.core.requirements.ParentRequirementsProvided.forOutcome(ParentRequirementsProvided.java:26)
	at net.thucydides.core.requirements.BaseRequirementsService.getParentRequirementOf(BaseRequirementsService.java:138)
	at net.thucydides.core.requirements.BaseRequirementsService.getAncestorRequirementsFor(BaseRequirementsService.java:78)
	at net.thucydides.core.tags.BreadcrumbTagFilter.getRequirementBreadcrumbsFrom(BreadcrumbTagFilter.java:51)
	at net.thucydides.core.reports.html.HtmlAcceptanceTestReporter.addBreadcrumbs(HtmlAcceptanceTestReporter.java:227)
	at net.thucydides.core.reports.html.HtmlAcceptanceTestReporter.addParentRequirmentFieldToContext(HtmlAcceptanceTestReporter.java:214)
	at net.thucydides.core.reports.html.HtmlAcceptanceTestReporter.addTestOutcomeToContext(HtmlAcceptanceTestReporter.java:190)
	at net.thucydides.core.reports.html.HtmlAcceptanceTestReporter.generateReportFor(HtmlAcceptanceTestReporter.java:105)
	at net.thucydides.core.reports.ReportService.generateReportFor(ReportService.java:246)
	at net.thucydides.core.reports.ReportService.lambda$generateReportsFor$0(ReportService.java:184)
	at java.util.concurrent.Executors$RunnableAdapter.call(Executors.java:511)
	at java.util.concurrent.FutureTask.run(FutureTask.java:266)
	at java.util.concurrent.ThreadPoolExecutor.runWorker(ThreadPoolExecutor.java:1149)
	at java.util.concurrent.ThreadPoolExecutor$Worker.run(ThreadPoolExecutor.java:624)
	at java.lang.Thread.run(Thread.java:750)

15:28:35.715 [pool-4-thread-6] WARN net.thucydides.core.requirements.RequirementsTagProvider - Failed to load requirements: Illegal char <:> at index 4: file:\D:\8.%20Alterra\31.rest-api\src\test\resources\api\Reqresin.feature
java.nio.file.InvalidPathException: Illegal char <:> at index 4: file:\D:\8.%20Alterra\31.rest-api\src\test\resources\api\Reqresin.feature
	at sun.nio.fs.WindowsPathParser.normalize(WindowsPathParser.java:182)
	at sun.nio.fs.WindowsPathParser.parse(WindowsPathParser.java:153)
	at sun.nio.fs.WindowsPathParser.parse(WindowsPathParser.java:77)
	at sun.nio.fs.WindowsPath.parse(WindowsPath.java:94)
	at sun.nio.fs.WindowsFileSystem.getPath(WindowsFileSystem.java:255)
	at java.io.File.toPath(File.java:2271)
	at net.thucydides.core.requirements.RootDirectory.getRelativePathOf(RootDirectory.java:364)
	at net.thucydides.core.requirements.FileSystemRequirementsTagProvider.requirementWithMatchingPath(FileSystemRequirementsTagProvider.java:372)
	at net.thucydides.core.requirements.FileSystemRequirementsTagProvider.getParentRequirementOf(FileSystemRequirementsTagProvider.java:335)
	at net.thucydides.core.requirements.ParentRequirementsProvided.forOutcome(ParentRequirementsProvided.java:26)
	at net.thucydides.core.requirements.BaseRequirementsService.getParentRequirementOf(BaseRequirementsService.java:138)
	at net.thucydides.core.requirements.BaseRequirementsService.getAncestorRequirementsFor(BaseRequirementsService.java:78)
	at net.thucydides.core.tags.BreadcrumbTagFilter.getRequirementBreadcrumbsFrom(BreadcrumbTagFilter.java:51)
	at net.thucydides.core.reports.html.HtmlAcceptanceTestReporter.addBreadcrumbs(HtmlAcceptanceTestReporter.java:227)
	at net.thucydides.core.reports.html.HtmlAcceptanceTestReporter.addParentRequirmentFieldToContext(HtmlAcceptanceTestReporter.java:214)
	at net.thucydides.core.reports.html.HtmlAcceptanceTestReporter.addTestOutcomeToContext(HtmlAcceptanceTestReporter.java:190)
	at net.thucydides.core.reports.html.HtmlAcceptanceTestReporter.generateReportFor(HtmlAcceptanceTestReporter.java:105)
	at net.thucydides.core.reports.ReportService.generateReportFor(ReportService.java:246)
	at net.thucydides.core.reports.ReportService.lambda$generateReportsFor$0(ReportService.java:184)
	at java.util.concurrent.Executors$RunnableAdapter.call(Executors.java:511)
	at java.util.concurrent.FutureTask.run(FutureTask.java:266)
	at java.util.concurrent.ThreadPoolExecutor.runWorker(ThreadPoolExecutor.java:1149)
	at java.util.concurrent.ThreadPoolExecutor$Worker.run(ThreadPoolExecutor.java:624)
	at java.lang.Thread.run(Thread.java:750)

15:28:35.715 [pool-4-thread-2] WARN net.thucydides.core.requirements.RequirementsTagProvider - Failed to load requirements: Illegal char <:> at index 4: file:\D:\8.%20Alterra\31.rest-api\src\test\resources\api\Reqresin.feature
java.nio.file.InvalidPathException: Illegal char <:> at index 4: file:\D:\8.%20Alterra\31.rest-api\src\test\resources\api\Reqresin.feature
	at sun.nio.fs.WindowsPathParser.normalize(WindowsPathParser.java:182)
	at sun.nio.fs.WindowsPathParser.parse(WindowsPathParser.java:153)
	at sun.nio.fs.WindowsPathParser.parse(WindowsPathParser.java:77)
	at sun.nio.fs.WindowsPath.parse(WindowsPath.java:94)
	at sun.nio.fs.WindowsFileSystem.getPath(WindowsFileSystem.java:255)
	at java.io.File.toPath(File.java:2271)
	at net.thucydides.core.requirements.RootDirectory.getRelativePathOf(RootDirectory.java:364)
	at net.thucydides.core.requirements.FileSystemRequirementsTagProvider.requirementWithMatchingPath(FileSystemRequirementsTagProvider.java:372)
	at net.thucydides.core.requirements.FileSystemRequirementsTagProvider.getParentRequirementOf(FileSystemRequirementsTagProvider.java:335)
	at net.thucydides.core.requirements.ParentRequirementsProvided.forOutcome(ParentRequirementsProvided.java:26)
	at net.thucydides.core.requirements.BaseRequirementsService.getParentRequirementOf(BaseRequirementsService.java:138)
	at net.thucydides.core.requirements.BaseRequirementsService.getAncestorRequirementsFor(BaseRequirementsService.java:78)
	at net.thucydides.core.reports.html.HtmlAcceptanceTestReporter.addBreadcrumbs(HtmlAcceptanceTestReporter.java:226)
	at net.thucydides.core.reports.html.HtmlAcceptanceTestReporter.addParentRequirmentFieldToContext(HtmlAcceptanceTestReporter.java:214)
	at net.thucydides.core.reports.html.HtmlAcceptanceTestReporter.addTestOutcomeToContext(HtmlAcceptanceTestReporter.java:190)
	at net.thucydides.core.reports.html.HtmlAcceptanceTestReporter.generateReportFor(HtmlAcceptanceTestReporter.java:105)
	at net.thucydides.core.reports.ReportService.generateReportFor(ReportService.java:246)
	at net.thucydides.core.reports.ReportService.lambda$generateReportsFor$0(ReportService.java:184)
	at java.util.concurrent.Executors$RunnableAdapter.call(Executors.java:511)
	at java.util.concurrent.FutureTask.run(FutureTask.java:266)
	at java.util.concurrent.ThreadPoolExecutor.runWorker(ThreadPoolExecutor.java:1149)
	at java.util.concurrent.ThreadPoolExecutor$Worker.run(ThreadPoolExecutor.java:624)
	at java.lang.Thread.run(Thread.java:750)

15:28:35.715 [pool-4-thread-7] WARN net.thucydides.core.requirements.RequirementsTagProvider - Failed to load requirements: Illegal char <:> at index 4: file:\D:\8.%20Alterra\31.rest-api\src\test\resources\api\Reqresin.feature
java.nio.file.InvalidPathException: Illegal char <:> at index 4: file:\D:\8.%20Alterra\31.rest-api\src\test\resources\api\Reqresin.feature
	at sun.nio.fs.WindowsPathParser.normalize(WindowsPathParser.java:182)
	at sun.nio.fs.WindowsPathParser.parse(WindowsPathParser.java:153)
	at sun.nio.fs.WindowsPathParser.parse(WindowsPathParser.java:77)
	at sun.nio.fs.WindowsPath.parse(WindowsPath.java:94)
	at sun.nio.fs.WindowsFileSystem.getPath(WindowsFileSystem.java:255)
	at java.io.File.toPath(File.java:2271)
	at net.thucydides.core.requirements.RootDirectory.getRelativePathOf(RootDirectory.java:364)
	at net.thucydides.core.requirements.FileSystemRequirementsTagProvider.requirementWithMatchingPath(FileSystemRequirementsTagProvider.java:372)
	at net.thucydides.core.requirements.FileSystemRequirementsTagProvider.getParentRequirementOf(FileSystemRequirementsTagProvider.java:335)
	at net.thucydides.core.requirements.ParentRequirementsProvided.forOutcome(ParentRequirementsProvided.java:26)
	at net.thucydides.core.requirements.BaseRequirementsService.getParentRequirementOf(BaseRequirementsService.java:138)
	at net.thucydides.core.requirements.BaseRequirementsService.getAncestorRequirementsFor(BaseRequirementsService.java:78)
	at net.thucydides.core.reports.html.HtmlAcceptanceTestReporter.addBreadcrumbs(HtmlAcceptanceTestReporter.java:226)
	at net.thucydides.core.reports.html.HtmlAcceptanceTestReporter.addParentRequirmentFieldToContext(HtmlAcceptanceTestReporter.java:214)
	at net.thucydides.core.reports.html.HtmlAcceptanceTestReporter.addTestOutcomeToContext(HtmlAcceptanceTestReporter.java:190)
	at net.thucydides.core.reports.html.HtmlAcceptanceTestReporter.generateReportFor(HtmlAcceptanceTestReporter.java:105)
	at net.thucydides.core.reports.ReportService.generateReportFor(ReportService.java:246)
	at net.thucydides.core.reports.ReportService.lambda$generateReportsFor$0(ReportService.java:184)
	at java.util.concurrent.Executors$RunnableAdapter.call(Executors.java:511)
	at java.util.concurrent.FutureTask.run(FutureTask.java:266)
	at java.util.concurrent.ThreadPoolExecutor.runWorker(ThreadPoolExecutor.java:1149)
	at java.util.concurrent.ThreadPoolExecutor$Worker.run(ThreadPoolExecutor.java:624)
	at java.lang.Thread.run(Thread.java:750)

15:28:35.731 [pool-4-thread-2] WARN net.thucydides.core.requirements.RequirementsTagProvider - Failed to load requirements: Illegal char <:> at index 4: file:\D:\8.%20Alterra\31.rest-api\src\test\resources\api\Reqresin.feature
java.nio.file.InvalidPathException: Illegal char <:> at index 4: file:\D:\8.%20Alterra\31.rest-api\src\test\resources\api\Reqresin.feature
	at sun.nio.fs.WindowsPathParser.normalize(WindowsPathParser.java:182)
	at sun.nio.fs.WindowsPathParser.parse(WindowsPathParser.java:153)
	at sun.nio.fs.WindowsPathParser.parse(WindowsPathParser.java:77)
	at sun.nio.fs.WindowsPath.parse(WindowsPath.java:94)
	at sun.nio.fs.WindowsFileSystem.getPath(WindowsFileSystem.java:255)
	at java.io.File.toPath(File.java:2271)
	at net.thucydides.core.requirements.RootDirectory.getRelativePathOf(RootDirectory.java:364)
	at net.thucydides.core.requirements.FileSystemRequirementsTagProvider.requirementWithMatchingPath(FileSystemRequirementsTagProvider.java:372)
	at net.thucydides.core.requirements.FileSystemRequirementsTagProvider.getParentRequirementOf(FileSystemRequirementsTagProvider.java:335)
	at net.thucydides.core.requirements.ParentRequirementsProvided.forOutcome(ParentRequirementsProvided.java:26)
	at net.thucydides.core.requirements.BaseRequirementsService.getParentRequirementOf(BaseRequirementsService.java:138)
	at net.thucydides.core.requirements.BaseRequirementsService.getAncestorRequirementsFor(BaseRequirementsService.java:78)
	at net.thucydides.core.tags.BreadcrumbTagFilter.getRequirementBreadcrumbsFrom(BreadcrumbTagFilter.java:51)
	at net.thucydides.core.reports.html.HtmlAcceptanceTestReporter.addBreadcrumbs(HtmlAcceptanceTestReporter.java:227)
	at net.thucydides.core.reports.html.HtmlAcceptanceTestReporter.addParentRequirmentFieldToContext(HtmlAcceptanceTestReporter.java:214)
	at net.thucydides.core.reports.html.HtmlAcceptanceTestReporter.addTestOutcomeToContext(HtmlAcceptanceTestReporter.java:190)
	at net.thucydides.core.reports.html.HtmlAcceptanceTestReporter.generateReportFor(HtmlAcceptanceTestReporter.java:105)
	at net.thucydides.core.reports.ReportService.generateReportFor(ReportService.java:246)
	at net.thucydides.core.reports.ReportService.lambda$generateReportsFor$0(ReportService.java:184)
	at java.util.concurrent.Executors$RunnableAdapter.call(Executors.java:511)
	at java.util.concurrent.FutureTask.run(FutureTask.java:266)
	at java.util.concurrent.ThreadPoolExecutor.runWorker(ThreadPoolExecutor.java:1149)
	at java.util.concurrent.ThreadPoolExecutor$Worker.run(ThreadPoolExecutor.java:624)
	at java.lang.Thread.run(Thread.java:750)

15:28:35.715 [pool-4-thread-4] WARN net.thucydides.core.requirements.RequirementsTagProvider - Failed to load requirements: Illegal char <:> at index 4: file:\D:\8.%20Alterra\31.rest-api\src\test\resources\api\Reqresin.feature
java.nio.file.InvalidPathException: Illegal char <:> at index 4: file:\D:\8.%20Alterra\31.rest-api\src\test\resources\api\Reqresin.feature
	at sun.nio.fs.WindowsPathParser.normalize(WindowsPathParser.java:182)
	at sun.nio.fs.WindowsPathParser.parse(WindowsPathParser.java:153)
	at sun.nio.fs.WindowsPathParser.parse(WindowsPathParser.java:77)
	at sun.nio.fs.WindowsPath.parse(WindowsPath.java:94)
	at sun.nio.fs.WindowsFileSystem.getPath(WindowsFileSystem.java:255)
	at java.io.File.toPath(File.java:2271)
	at net.thucydides.core.requirements.RootDirectory.getRelativePathOf(RootDirectory.java:364)
	at net.thucydides.core.requirements.FileSystemRequirementsTagProvider.requirementWithMatchingPath(FileSystemRequirementsTagProvider.java:372)
	at net.thucydides.core.requirements.FileSystemRequirementsTagProvider.getParentRequirementOf(FileSystemRequirementsTagProvider.java:335)
	at net.thucydides.core.requirements.ParentRequirementsProvided.forOutcome(ParentRequirementsProvided.java:26)
	at net.thucydides.core.requirements.BaseRequirementsService.getParentRequirementOf(BaseRequirementsService.java:138)
	at net.thucydides.core.requirements.BaseRequirementsService.getAncestorRequirementsFor(BaseRequirementsService.java:78)
	at net.thucydides.core.tags.BreadcrumbTagFilter.getRequirementBreadcrumbsFrom(BreadcrumbTagFilter.java:51)
	at net.thucydides.core.reports.html.HtmlAcceptanceTestReporter.addBreadcrumbs(HtmlAcceptanceTestReporter.java:227)
	at net.thucydides.core.reports.html.HtmlAcceptanceTestReporter.addParentRequirmentFieldToContext(HtmlAcceptanceTestReporter.java:214)
	at net.thucydides.core.reports.html.HtmlAcceptanceTestReporter.addTestOutcomeToContext(HtmlAcceptanceTestReporter.java:190)
	at net.thucydides.core.reports.html.HtmlAcceptanceTestReporter.generateReportFor(HtmlAcceptanceTestReporter.java:105)
	at net.thucydides.core.reports.ReportService.generateReportFor(ReportService.java:246)
	at net.thucydides.core.reports.ReportService.lambda$generateReportsFor$0(ReportService.java:184)
	at java.util.concurrent.Executors$RunnableAdapter.call(Executors.java:511)
	at java.util.concurrent.FutureTask.run(FutureTask.java:266)
	at java.util.concurrent.ThreadPoolExecutor.runWorker(ThreadPoolExecutor.java:1149)
	at java.util.concurrent.ThreadPoolExecutor$Worker.run(ThreadPoolExecutor.java:624)
	at java.lang.Thread.run(Thread.java:750)

15:28:35.731 [pool-4-thread-7] WARN net.thucydides.core.requirements.RequirementsTagProvider - Failed to load requirements: Illegal char <:> at index 4: file:\D:\8.%20Alterra\31.rest-api\src\test\resources\api\Reqresin.feature
java.nio.file.InvalidPathException: Illegal char <:> at index 4: file:\D:\8.%20Alterra\31.rest-api\src\test\resources\api\Reqresin.feature
	at sun.nio.fs.WindowsPathParser.normalize(WindowsPathParser.java:182)
	at sun.nio.fs.WindowsPathParser.parse(WindowsPathParser.java:153)
	at sun.nio.fs.WindowsPathParser.parse(WindowsPathParser.java:77)
	at sun.nio.fs.WindowsPath.parse(WindowsPath.java:94)
	at sun.nio.fs.WindowsFileSystem.getPath(WindowsFileSystem.java:255)
	at java.io.File.toPath(File.java:2271)
	at net.thucydides.core.requirements.RootDirectory.getRelativePathOf(RootDirectory.java:364)
	at net.thucydides.core.requirements.FileSystemRequirementsTagProvider.requirementWithMatchingPath(FileSystemRequirementsTagProvider.java:372)
	at net.thucydides.core.requirements.FileSystemRequirementsTagProvider.getParentRequirementOf(FileSystemRequirementsTagProvider.java:335)
	at net.thucydides.core.requirements.ParentRequirementsProvided.forOutcome(ParentRequirementsProvided.java:26)
	at net.thucydides.core.requirements.BaseRequirementsService.getParentRequirementOf(BaseRequirementsService.java:138)
	at net.thucydides.core.requirements.BaseRequirementsService.getAncestorRequirementsFor(BaseRequirementsService.java:78)
	at net.thucydides.core.tags.BreadcrumbTagFilter.getRequirementBreadcrumbsFrom(BreadcrumbTagFilter.java:51)
	at net.thucydides.core.reports.html.HtmlAcceptanceTestReporter.addBreadcrumbs(HtmlAcceptanceTestReporter.java:227)
	at net.thucydides.core.reports.html.HtmlAcceptanceTestReporter.addParentRequirmentFieldToContext(HtmlAcceptanceTestReporter.java:214)
	at net.thucydides.core.reports.html.HtmlAcceptanceTestReporter.addTestOutcomeToContext(HtmlAcceptanceTestReporter.java:190)
	at net.thucydides.core.reports.html.HtmlAcceptanceTestReporter.generateReportFor(HtmlAcceptanceTestReporter.java:105)
	at net.thucydides.core.reports.ReportService.generateReportFor(ReportService.java:246)
	at net.thucydides.core.reports.ReportService.lambda$generateReportsFor$0(ReportService.java:184)
	at java.util.concurrent.Executors$RunnableAdapter.call(Executors.java:511)
	at java.util.concurrent.FutureTask.run(FutureTask.java:266)
	at java.util.concurrent.ThreadPoolExecutor.runWorker(ThreadPoolExecutor.java:1149)
	at java.util.concurrent.ThreadPoolExecutor$Worker.run(ThreadPoolExecutor.java:624)
	at java.lang.Thread.run(Thread.java:750)

15:28:35.731 [pool-4-thread-5] WARN net.thucydides.core.requirements.RequirementsTagProvider - Failed to load requirements: Illegal char <:> at index 4: file:\D:\8.%20Alterra\31.rest-api\src\test\resources\api\Reqresin.feature
java.nio.file.InvalidPathException: Illegal char <:> at index 4: file:\D:\8.%20Alterra\31.rest-api\src\test\resources\api\Reqresin.feature
	at sun.nio.fs.WindowsPathParser.normalize(WindowsPathParser.java:182)
	at sun.nio.fs.WindowsPathParser.parse(WindowsPathParser.java:153)
	at sun.nio.fs.WindowsPathParser.parse(WindowsPathParser.java:77)
	at sun.nio.fs.WindowsPath.parse(WindowsPath.java:94)
	at sun.nio.fs.WindowsFileSystem.getPath(WindowsFileSystem.java:255)
	at java.io.File.toPath(File.java:2271)
	at net.thucydides.core.requirements.RootDirectory.getRelativePathOf(RootDirectory.java:364)
	at net.thucydides.core.requirements.FileSystemRequirementsTagProvider.requirementWithMatchingPath(FileSystemRequirementsTagProvider.java:372)
	at net.thucydides.core.requirements.FileSystemRequirementsTagProvider.getParentRequirementOf(FileSystemRequirementsTagProvider.java:335)
	at net.thucydides.core.requirements.ParentRequirementsProvided.forOutcome(ParentRequirementsProvided.java:26)
	at net.thucydides.core.requirements.BaseRequirementsService.getParentRequirementOf(BaseRequirementsService.java:138)
	at net.thucydides.core.requirements.BaseRequirementsService.getAncestorRequirementsFor(BaseRequirementsService.java:78)
	at net.thucydides.core.tags.BreadcrumbTagFilter.getRequirementBreadcrumbsFrom(BreadcrumbTagFilter.java:51)
	at net.thucydides.core.reports.html.HtmlAcceptanceTestReporter.addBreadcrumbs(HtmlAcceptanceTestReporter.java:227)
	at net.thucydides.core.reports.html.HtmlAcceptanceTestReporter.addParentRequirmentFieldToContext(HtmlAcceptanceTestReporter.java:214)
	at net.thucydides.core.reports.html.HtmlAcceptanceTestReporter.addTestOutcomeToContext(HtmlAcceptanceTestReporter.java:190)
	at net.thucydides.core.reports.html.HtmlAcceptanceTestReporter.generateReportFor(HtmlAcceptanceTestReporter.java:105)
	at net.thucydides.core.reports.ReportService.generateReportFor(ReportService.java:246)
	at net.thucydides.core.reports.ReportService.lambda$generateReportsFor$0(ReportService.java:184)
	at java.util.concurrent.Executors$RunnableAdapter.call(Executors.java:511)
	at java.util.concurrent.FutureTask.run(FutureTask.java:266)
	at java.util.concurrent.ThreadPoolExecutor.runWorker(ThreadPoolExecutor.java:1149)
	at java.util.concurrent.ThreadPoolExecutor$Worker.run(ThreadPoolExecutor.java:624)
	at java.lang.Thread.run(Thread.java:750)

15:28:36.567 [pool-4-thread-7] DEBUG serenity.reporting - Generating report in b7502f8c6086584fdba906242e98ff560d517f0f32b5e30b036a9355c50d5895.html

15:28:36.567 [pool-4-thread-4] DEBUG serenity.reporting - Generating report in 43cd553644da9c171dcb2386d7c00ef166aa5505cd4f9ac5d6a9a3f1cb3d5259.html

15:28:36.567 [pool-4-thread-1] DEBUG serenity.reporting - Generating report in 7469fef04c577cefeb372b623f3a9fbdf097a437e9993e2073d693cca2450ae0.html

15:28:36.567 [pool-4-thread-5] DEBUG serenity.reporting - Generating report in 4d778f05a3e2e1390612e5af72e79ec89376a05b48afa409a67942d5f29048ea.html

15:28:36.567 [pool-4-thread-6] DEBUG serenity.reporting - Generating report in c1ab5492f80807f029af3014e9b86f894d0875302520504e697c8101abf4a0de.html

15:28:36.567 [pool-4-thread-3] DEBUG serenity.reporting - Generating report in f0d6a2000abb4e866a2a2ddd3fb1ce471246ca31b87a07467719db6b9dbc1446.html

15:28:36.567 [pool-4-thread-8] DEBUG serenity.reporting - Generating report in 9f19c9ab4910987550dcd12457bc54e65445139168386288f74ab9c09bd966e2.html

15:28:36.567 [pool-4-thread-2] DEBUG serenity.reporting - Generating report in e36ec3adf072291361e81140184bcef4a228ca0f563d6f240c79caba824d760a.html

15:28:37.487 [pool-4-thread-5] DEBUG serenity.reporting - Generated report 4d778f05a3e2e1390612e5af72e79ec89376a05b48afa409a67942d5f29048ea.html in 920 ms

15:28:37.487 [pool-4-thread-5] DEBUG net.thucydides.core.reports.ReportService - Processing test outcome Reqresin:Success DELETE user done

15:28:37.487 [pool-4-thread-5] DEBUG net.thucydides.core.reports.ReportService - Processing test outcome User:Get - As admin I have be able to get detail user

15:28:37.487 [pool-4-thread-5] INFO net.thucydides.core.reports.ReportService - net.thucydides.core.reports.html.HtmlAcceptanceTestReporter@435d64c2: Generating report for test outcome: User:Get - As admin I have be able to get detail user

15:28:37.487 [pool-4-thread-5] WARN net.thucydides.core.requirements.RequirementsTagProvider - Failed to load requirements: Illegal char <:> at index 4: file:\D:\8.%20Alterra\31.rest-api\src\test\resources\api\User.feature
java.nio.file.InvalidPathException: Illegal char <:> at index 4: file:\D:\8.%20Alterra\31.rest-api\src\test\resources\api\User.feature
	at sun.nio.fs.WindowsPathParser.normalize(WindowsPathParser.java:182)
	at sun.nio.fs.WindowsPathParser.parse(WindowsPathParser.java:153)
	at sun.nio.fs.WindowsPathParser.parse(WindowsPathParser.java:77)
	at sun.nio.fs.WindowsPath.parse(WindowsPath.java:94)
	at sun.nio.fs.WindowsFileSystem.getPath(WindowsFileSystem.java:255)
	at java.io.File.toPath(File.java:2271)
	at net.thucydides.core.requirements.RootDirectory.getRelativePathOf(RootDirectory.java:364)
	at net.thucydides.core.requirements.FileSystemRequirementsTagProvider.requirementWithMatchingPath(FileSystemRequirementsTagProvider.java:372)
	at net.thucydides.core.requirements.FileSystemRequirementsTagProvider.getParentRequirementOf(FileSystemRequirementsTagProvider.java:335)
	at net.thucydides.core.requirements.ParentRequirementsProvided.forOutcome(ParentRequirementsProvided.java:26)
	at net.thucydides.core.requirements.BaseRequirementsService.getParentRequirementOf(BaseRequirementsService.java:138)
	at net.thucydides.core.requirements.BaseRequirementsService.getParentRequirementFor(BaseRequirementsService.java:48)
	at net.thucydides.core.reports.html.HtmlAcceptanceTestReporter.addParentRequirmentFieldToContext(HtmlAcceptanceTestReporter.java:196)
	at net.thucydides.core.reports.html.HtmlAcceptanceTestReporter.addTestOutcomeToContext(HtmlAcceptanceTestReporter.java:190)
	at net.thucydides.core.reports.html.HtmlAcceptanceTestReporter.generateReportFor(HtmlAcceptanceTestReporter.java:105)
	at net.thucydides.core.reports.ReportService.generateReportFor(ReportService.java:246)
	at net.thucydides.core.reports.ReportService.lambda$generateReportsFor$0(ReportService.java:184)
	at java.util.concurrent.Executors$RunnableAdapter.call(Executors.java:511)
	at java.util.concurrent.FutureTask.run(FutureTask.java:266)
	at java.util.concurrent.ThreadPoolExecutor.runWorker(ThreadPoolExecutor.java:1149)
	at java.util.concurrent.ThreadPoolExecutor$Worker.run(ThreadPoolExecutor.java:624)
	at java.lang.Thread.run(Thread.java:750)

15:28:37.487 [pool-4-thread-5] WARN net.thucydides.core.requirements.RequirementsTagProvider - Failed to load requirements: Illegal char <:> at index 4: file:\D:\8.%20Alterra\31.rest-api\src\test\resources\api\User.feature
java.nio.file.InvalidPathException: Illegal char <:> at index 4: file:\D:\8.%20Alterra\31.rest-api\src\test\resources\api\User.feature
	at sun.nio.fs.WindowsPathParser.normalize(WindowsPathParser.java:182)
	at sun.nio.fs.WindowsPathParser.parse(WindowsPathParser.java:153)
	at sun.nio.fs.WindowsPathParser.parse(WindowsPathParser.java:77)
	at sun.nio.fs.WindowsPath.parse(WindowsPath.java:94)
	at sun.nio.fs.WindowsFileSystem.getPath(WindowsFileSystem.java:255)
	at java.io.File.toPath(File.java:2271)
	at net.thucydides.core.requirements.RootDirectory.getRelativePathOf(RootDirectory.java:364)
	at net.thucydides.core.requirements.FileSystemRequirementsTagProvider.requirementWithMatchingPath(FileSystemRequirementsTagProvider.java:372)
	at net.thucydides.core.requirements.FileSystemRequirementsTagProvider.getParentRequirementOf(FileSystemRequirementsTagProvider.java:335)
	at net.thucydides.core.requirements.ParentRequirementsProvided.forOutcome(ParentRequirementsProvided.java:26)
	at net.thucydides.core.requirements.BaseRequirementsService.getParentRequirementOf(BaseRequirementsService.java:138)
	at net.thucydides.core.requirements.BaseRequirementsService.getAncestorRequirementsFor(BaseRequirementsService.java:78)
	at net.thucydides.core.reports.html.HtmlAcceptanceTestReporter.addBreadcrumbs(HtmlAcceptanceTestReporter.java:226)
	at net.thucydides.core.reports.html.HtmlAcceptanceTestReporter.addParentRequirmentFieldToContext(HtmlAcceptanceTestReporter.java:214)
	at net.thucydides.core.reports.html.HtmlAcceptanceTestReporter.addTestOutcomeToContext(HtmlAcceptanceTestReporter.java:190)
	at net.thucydides.core.reports.html.HtmlAcceptanceTestReporter.generateReportFor(HtmlAcceptanceTestReporter.java:105)
	at net.thucydides.core.reports.ReportService.generateReportFor(ReportService.java:246)
	at net.thucydides.core.reports.ReportService.lambda$generateReportsFor$0(ReportService.java:184)
	at java.util.concurrent.Executors$RunnableAdapter.call(Executors.java:511)
	at java.util.concurrent.FutureTask.run(FutureTask.java:266)
	at java.util.concurrent.ThreadPoolExecutor.runWorker(ThreadPoolExecutor.java:1149)
[...]
	at net.thucydides.core.reports.html.HtmlAcceptanceTestReporter.addParentRequirmentFieldToContext(HtmlAcceptanceTestReporter.java:214)
	at net.thucydides.core.reports.html.HtmlAcceptanceTestReporter.addTestOutcomeToContext(HtmlAcceptanceTestReporter.java:190)
	at net.thucydides.core.reports.html.HtmlAcceptanceTestReporter.generateReportFor(HtmlAcceptanceTestReporter.java:105)
	at net.thucydides.core.reports.ReportService.generateReportFor(ReportService.java:246)
	at net.thucydides.core.reports.ReportService.lambda$generateReportsFor$0(ReportService.java:184)
	at java.util.concurrent.Executors$RunnableAdapter.call(Executors.java:511)
	at java.util.concurrent.FutureTask.run(FutureTask.java:266)
	at java.util.concurrent.ThreadPoolExecutor.runWorker(ThreadPoolExecutor.java:1149)
	at java.util.concurrent.ThreadPoolExecutor$Worker.run(ThreadPoolExecutor.java:624)
	at java.lang.Thread.run(Thread.java:750)

15:28:37.487 [pool-4-thread-2] DEBUG net.thucydides.core.reports.ReportService - Processing test outcome Reqresin:Success POST login done

15:28:37.487 [pool-4-thread-2] DEBUG net.thucydides.core.reports.ReportService - Processing test outcome User:POST - As admin I have be able to create bew user

15:28:37.487 [pool-4-thread-2] INFO net.thucydides.core.reports.ReportService - net.thucydides.core.reports.html.HtmlAcceptanceTestReporter@435d64c2: Generating report for test outcome: User:POST - As admin I have be able to create bew user

15:28:37.487 [pool-4-thread-2] WARN net.thucydides.core.requirements.RequirementsTagProvider - Failed to load requirements: Illegal char <:> at index 4: file:\D:\8.%20Alterra\31.rest-api\src\test\resources\api\User.feature
java.nio.file.InvalidPathException: Illegal char <:> at index 4: file:\D:\8.%20Alterra\31.rest-api\src\test\resources\api\User.feature
	at sun.nio.fs.WindowsPathParser.normalize(WindowsPathParser.java:182)
	at sun.nio.fs.WindowsPathParser.parse(WindowsPathParser.java:153)
	at sun.nio.fs.WindowsPathParser.parse(WindowsPathParser.java:77)
	at sun.nio.fs.WindowsPath.parse(WindowsPath.java:94)
	at sun.nio.fs.WindowsFileSystem.getPath(WindowsFileSystem.java:255)
	at java.io.File.toPath(File.java:2271)
	at net.thucydides.core.requirements.RootDirectory.getRelativePathOf(RootDirectory.java:364)
	at net.thucydides.core.requirements.FileSystemRequirementsTagProvider.requirementWithMatchingPath(FileSystemRequirementsTagProvider.java:372)
	at net.thucydides.core.requirements.FileSystemRequirementsTagProvider.getParentRequirementOf(FileSystemRequirementsTagProvider.java:335)
	at net.thucydides.core.requirements.ParentRequirementsProvided.forOutcome(ParentRequirementsProvided.java:26)
	at net.thucydides.core.requirements.BaseRequirementsService.getParentRequirementOf(BaseRequirementsService.java:138)
	at net.thucydides.core.requirements.BaseRequirementsService.getParentRequirementFor(BaseRequirementsService.java:48)
	at net.thucydides.core.reports.html.HtmlAcceptanceTestReporter.addParentRequirmentFieldToContext(HtmlAcceptanceTestReporter.java:196)
	at net.thucydides.core.reports.html.HtmlAcceptanceTestReporter.addTestOutcomeToContext(HtmlAcceptanceTestReporter.java:190)
	at net.thucydides.core.reports.html.HtmlAcceptanceTestReporter.generateReportFor(HtmlAcceptanceTestReporter.java:105)
	at net.thucydides.core.reports.ReportService.generateReportFor(ReportService.java:246)
	at net.thucydides.core.reports.ReportService.lambda$generateReportsFor$0(ReportService.java:184)
	at java.util.concurrent.Executors$RunnableAdapter.call(Executors.java:511)
	at java.util.concurrent.FutureTask.run(FutureTask.java:266)
	at java.util.concurrent.ThreadPoolExecutor.runWorker(ThreadPoolExecutor.java:1149)
	at java.util.concurrent.ThreadPoolExecutor$Worker.run(ThreadPoolExecutor.java:624)
	at java.lang.Thread.run(Thread.java:750)

15:28:37.487 [pool-4-thread-2] WARN net.thucydides.core.requirements.RequirementsTagProvider - Failed to load requirements: Illegal char <:> at index 4: file:\D:\8.%20Alterra\31.rest-api\src\test\resources\api\User.feature
java.nio.file.InvalidPathException: Illegal char <:> at index 4: file:\D:\8.%20Alterra\31.rest-api\src\test\resources\api\User.feature
	at sun.nio.fs.WindowsPathParser.normalize(WindowsPathParser.java:182)
	at sun.nio.fs.WindowsPathParser.parse(WindowsPathParser.java:153)
	at sun.nio.fs.WindowsPathParser.parse(WindowsPathParser.java:77)
	at sun.nio.fs.WindowsPath.parse(WindowsPath.java:94)
	at sun.nio.fs.WindowsFileSystem.getPath(WindowsFileSystem.java:255)
	at java.io.File.toPath(File.java:2271)
	at net.thucydides.core.requirements.RootDirectory.getRelativePathOf(RootDirectory.java:364)
	at net.thucydides.core.requirements.FileSystemRequirementsTagProvider.requirementWithMatchingPath(FileSystemRequirementsTagProvider.java:372)
	at net.thucydides.core.requirements.FileSystemRequirementsTagProvider.getParentRequirementOf(FileSystemRequirementsTagProvider.java:335)
	at net.thucydides.core.requirements.ParentRequirementsProvided.forOutcome(ParentRequirementsProvided.java:26)
	at net.thucydides.core.requirements.BaseRequirementsService.getParentRequirementOf(BaseRequirementsService.java:138)
	at net.thucydides.core.requirements.BaseRequirementsService.getAncestorRequirementsFor(BaseRequirementsService.java:78)
	at net.thucydides.core.reports.html.HtmlAcceptanceTestReporter.addBreadcrumbs(HtmlAcceptanceTestReporter.java:226)
	at net.thucydides.core.reports.html.HtmlAcceptanceTestReporter.addParentRequirmentFieldToContext(HtmlAcceptanceTestReporter.java:214)
	at net.thucydides.core.reports.html.HtmlAcceptanceTestReporter.addTestOutcomeToContext(HtmlAcceptanceTestReporter.java:190)
	at net.thucydides.core.reports.html.HtmlAcceptanceTestReporter.generateReportFor(HtmlAcceptanceTestReporter.java:105)
	at net.thucydides.core.reports.ReportService.generateReportFor(ReportService.java:246)
	at net.thucydides.core.reports.ReportService.lambda$generateReportsFor$0(ReportService.java:184)
	at java.util.concurrent.Executors$RunnableAdapter.call(Executors.java:511)
	at java.util.concurrent.FutureTask.run(FutureTask.java:266)
	at java.util.concurrent.ThreadPoolExecutor.runWorker(ThreadPoolExecutor.java:1149)
	at java.util.concurrent.ThreadPoolExecutor$Worker.run(ThreadPoolExecutor.java:624)
	at java.lang.Thread.run(Thread.java:750)

15:28:37.487 [pool-4-thread-6] DEBUG serenity.reporting - Generated report c1ab5492f80807f029af3014e9b86f894d0875302520504e697c8101abf4a0de.html in 920 ms

15:28:37.487 [pool-4-thread-3] DEBUG serenity.reporting - Generated report f0d6a2000abb4e866a2a2ddd3fb1ce471246ca31b87a07467719db6b9dbc1446.html in 920 ms

15:28:37.487 [pool-4-thread-3] DEBUG net.thucydides.core.reports.ReportService - Processing test outcome Reqresin:Failed POST login done

15:28:37.487 [pool-4-thread-2] WARN net.thucydides.core.requirements.RequirementsTagProvider - Failed to load requirements: Illegal char <:> at index 4: file:\D:\8.%20Alterra\31.rest-api\src\test\resources\api\User.feature
java.nio.file.InvalidPathException: Illegal char <:> at index 4: file:\D:\8.%20Alterra\31.rest-api\src\test\resources\api\User.feature
	at sun.nio.fs.WindowsPathParser.normalize(WindowsPathParser.java:182)
	at sun.nio.fs.WindowsPathParser.parse(WindowsPathParser.java:153)
	at sun.nio.fs.WindowsPathParser.parse(WindowsPathParser.java:77)
	at sun.nio.fs.WindowsPath.parse(WindowsPath.java:94)
	at sun.nio.fs.WindowsFileSystem.getPath(WindowsFileSystem.java:255)
	at java.io.File.toPath(File.java:2271)
	at net.thucydides.core.requirements.RootDirectory.getRelativePathOf(RootDirectory.java:364)
	at net.thucydides.core.requirements.FileSystemRequirementsTagProvider.requirementWithMatchingPath(FileSystemRequirementsTagProvider.java:372)
	at net.thucydides.core.requirements.FileSystemRequirementsTagProvider.getParentRequirementOf(FileSystemRequirementsTagProvider.java:335)
	at net.thucydides.core.requirements.ParentRequirementsProvided.forOutcome(ParentRequirementsProvided.java:26)
	at net.thucydides.core.requirements.BaseRequirementsService.getParentRequirementOf(BaseRequirementsService.java:138)
	at net.thucydides.core.requirements.BaseRequirementsService.getAncestorRequirementsFor(BaseRequirementsService.java:78)
	at net.thucydides.core.tags.BreadcrumbTagFilter.getRequirementBreadcrumbsFrom(BreadcrumbTagFilter.java:51)
	at net.thucydides.core.reports.html.HtmlAcceptanceTestReporter.addBreadcrumbs(HtmlAcceptanceTestReporter.java:227)
	at net.thucydides.core.reports.html.HtmlAcceptanceTestReporter.addParentRequirmentFieldToContext(HtmlAcceptanceTestReporter.java:214)
	at net.thucydides.core.reports.html.HtmlAcceptanceTestReporter.addTestOutcomeToContext(HtmlAcceptanceTestReporter.java:190)
	at net.thucydides.core.reports.html.HtmlAcceptanceTestReporter.generateReportFor(HtmlAcceptanceTestReporter.java:105)
	at net.thucydides.core.reports.ReportService.generateReportFor(ReportService.java:246)
	at net.thucydides.core.reports.ReportService.lambda$generateReportsFor$0(ReportService.java:184)
	at java.util.concurrent.Executors$RunnableAdapter.call(Executors.java:511)
	at java.util.concurrent.FutureTask.run(FutureTask.java:266)
	at java.util.concurrent.ThreadPoolExecutor.runWorker(ThreadPoolExecutor.java:1149)
	at java.util.concurrent.ThreadPoolExecutor$Worker.run(ThreadPoolExecutor.java:624)
	at java.lang.Thread.run(Thread.java:750)

15:28:37.487 [pool-4-thread-1] DEBUG serenity.reporting - Generated report 7469fef04c577cefeb372b623f3a9fbdf097a437e9993e2073d693cca2450ae0.html in 920 ms

15:28:37.487 [pool-4-thread-1] DEBUG net.thucydides.core.reports.ReportService - Processing test outcome Reqresin:Success GET Users done

15:28:37.487 [pool-4-thread-6] DEBUG net.thucydides.core.reports.ReportService - Processing test outcome Reqresin:Unsuccess POST Register done

15:28:37.487 [pool-4-thread-7] DEBUG serenity.reporting - Generated report b7502f8c6086584fdba906242e98ff560d517f0f32b5e30b036a9355c50d5895.html in 920 ms

15:28:37.487 [pool-4-thread-7] DEBUG net.thucydides.core.reports.ReportService - Processing test outcome Reqresin:Success POST Register done

15:28:37.487 [pool-4-thread-5] DEBUG serenity.reporting - Generating report in 8c9bde6d0dbc4dadc4e5510aeaf6c435d15acae6bd58afcfbce04fb52b357cc6.html

15:28:37.487 [pool-4-thread-2] DEBUG serenity.reporting - Generating report in 265bcbbddaae90f4c5f1d369b6ba4b8ec80a05c9f3bafd8fc57fde58b8234d5b.html

15:28:37.487 [pool-4-thread-8] DEBUG serenity.reporting - Generated report 9f19c9ab4910987550dcd12457bc54e65445139168386288f74ab9c09bd966e2.html in 920 ms

15:28:37.487 [pool-4-thread-8] DEBUG net.thucydides.core.reports.ReportService - Processing test outcome Reqresin:Success POST Create done

15:28:37.502 [pool-4-thread-4] DEBUG serenity.reporting - Generated report 43cd553644da9c171dcb2386d7c00ef166aa5505cd4f9ac5d6a9a3f1cb3d5259.html in 935 ms

15:28:37.502 [pool-4-thread-4] DEBUG net.thucydides.core.reports.ReportService - Processing test outcome Reqresin:Success PUT update done

15:28:37.502 [pool-4-thread-2] DEBUG serenity.reporting - Generated report 265bcbbddaae90f4c5f1d369b6ba4b8ec80a05c9f3bafd8fc57fde58b8234d5b.html in 15 ms

15:28:37.502 [pool-4-thread-2] DEBUG net.thucydides.core.reports.ReportService - Processing test outcome User:POST - As admin I have be able to create bew user done

15:28:37.502 [pool-4-thread-5] DEBUG serenity.reporting - Generated report 8c9bde6d0dbc4dadc4e5510aeaf6c435d15acae6bd58afcfbce04fb52b357cc6.html in 15 ms

15:28:37.502 [pool-4-thread-5] DEBUG net.thucydides.core.reports.ReportService - Processing test outcome User:Get - As admin I have be able to get detail user done

15:28:37.502 [pool-2-thread-1] DEBUG net.thucydides.core.reports.ReportService - Shutting down executor service

15:28:37.502 [pool-2-thread-1] DEBUG net.thucydides.core.reports.ReportService - Reports generated in: 1818 ms

15:28:37.674 [pool-2-thread-1] INFO io.cucumber.core.plugin.SerenityReporter - Cleanup test resources for URI file:///D:/8.%20Alterra/31.rest-api/src/test/resources/api/Reqresin.feature

15:28:37.690 [pool-2-thread-1] INFO io.cucumber.core.plugin.SerenityReporter - Cleanup test resources for URI file:///D:/8.%20Alterra/31.rest-api/src/test/resources/api/User.feature


Scenario: Get - As admin I have be able to get detail user &amp#27;[90m# src/test/resources/api/User.feature:6&amp#27;[0m
15:28:33.943 [pool-2-thread-1] INFO io.cucumber.core.plugin.SerenityReporter - Running feature from file:///D:/8.%20Alterra/31.rest-api/src/test/resources/api/User.feature
15:28:33.943 [pool-2-thread-1] WARN io.cucumber.core.plugin.SerenityReporter - Feature from file:///D:/8.%20Alterra/31.rest-api/src/test/resources/api/User.feature is not under the 'features' directory. Requirements report will not be correctly generated!
15:28:33.943 [pool-2-thread-1] INFO  - 
  _____   ___   ___   _____     ___   _____     _     ___   _____   ___   ___  
 |_   _| | __| / __| |_   _|   / __| |_   _|   /_\   | _ \ |_   _| | __| |   \ 
   | |   | _|  \__ \   | |     \__ \   | |    / _ \  |   /   | |   | _|  | |) |
   |_|   |___| |___/   |_|     |___/   |_|   /_/ \_\ |_|_\   |_|   |___| |___/ 

Get - As admin I have be able to get detail user(user;get---as-admin-i-have-be-able-to-get-detail-user)
--------------------------------------------------------------------------------
15:28:34.068 [pool-2-thread-1] DEBUG net.thucydides.core.steps.StepInterceptor - STARTING STEP: UserSteps.setGetApiEndpoints - I set GET api endpoints
15:28:34.068 [pool-2-thread-1] DEBUG net.thucydides.core.steps.StepInterceptor - STEP DONE: I set GET api endpoints
  &amp#27;[32mGiven &amp#27;[0m&amp#27;[32mI set GET api endpoints&amp#27;[0m                            &amp#27;[90m# starter.stepdefinitions.UserSteps.setGetApiEndpoints()&amp#27;[0m
15:28:34.083 [pool-2-thread-1] DEBUG net.thucydides.core.steps.StepInterceptor - STARTING STEP: UserSteps.sendGETHTTPRequest - I send GET HTTP request
15:28:34.083 [pool-2-thread-1] DEBUG net.thucydides.core.steps.StepInterceptor - STARTING STEP: Get.sendGetHtppRequest - I set GET api endpoints
15:28:34.083 [pool-2-thread-1] DEBUG net.thucydides.core.steps.StepInterceptor - STEP DONE: I set GET api endpoints
15:28:34.271 [pool-2-thread-1] DEBUG net.thucydides.core.steps.StepInterceptor - STEP DONE: I send GET HTTP request
  &amp#27;[32mWhen &amp#27;[0m&amp#27;[32mI send GET HTTP request&amp#27;[0m                             &amp#27;[90m# starter.stepdefinitions.UserSteps.sendGETHTTPRequest()&amp#27;[0m
15:28:34.287 [pool-2-thread-1] DEBUG net.thucydides.core.steps.StepInterceptor - STARTING STEP: UserSteps.recieveValidHttpResponese - I recieve valid HTTP responese code 200
15:28:34.287 [pool-2-thread-1] DEBUG net.thucydides.core.steps.StepInterceptor - STEP DONE: I recieve valid HTTP responese code 200
  &amp#27;[32mThen &amp#27;[0m&amp#27;[32mI recieve valid HTTP responese code &amp#27;[0m&amp#27;[32m&amp#27;[1m200&amp#27;[0m             &amp#27;[90m# starter.stepdefinitions.UserSteps.recieveValidHttpResponese(int)&amp#27;[0m
15:28:34.287 [pool-2-thread-1] DEBUG net.thucydides.core.steps.StepInterceptor - STARTING STEP: UserSteps.recieveValidDataForDetailUser - I recieve valid data for detail user
15:28:34.948 [pool-2-thread-1] DEBUG net.thucydides.core.steps.StepInterceptor - STEP DONE: I recieve valid data for detail user
  &amp#27;[32mAnd &amp#27;[0m&amp#27;[32mI recieve valid data for detail user&amp#27;[0m                 &amp#27;[90m# starter.stepdefinitions.UserSteps.recieveValidDataForDetailUser()&amp#27;[0m
15:28:34.948 [pool-2-thread-1] INFO  - 
  _____   ___   ___   _____     ___     _     ___   ___   ___   ___  
 |_   _| | __| / __| |_   _|   | _ \   /_\   / __| / __| | __| |   \ 
   | |   | _|  \__ \   | |     |  _/  / _ \  \__ \ \__ \ | _|  | |) |
   |_|   |___| |___/   |_|     |_|   /_/ \_\ |___/ |___/ |___| |___/ 

Get - As admin I have be able to get detail user
----------------------------------------------------------------------
]]></system-out>
  </testcase>
  <testcase name="POST - As admin I have be able to create bew user" classname="User" time="0.595">
    <system-out><![CDATA[
Scenario: POST - As admin I have be able to create bew user &amp#27;[90m# src/test/resources/api/User.feature:12&amp#27;[0m
15:28:34.963 [pool-2-thread-1] INFO io.cucumber.core.plugin.SerenityReporter - Running feature from file:///D:/8.%20Alterra/31.rest-api/src/test/resources/api/User.feature
15:28:34.963 [pool-2-thread-1] WARN io.cucumber.core.plugin.SerenityReporter - Feature from file:///D:/8.%20Alterra/31.rest-api/src/test/resources/api/User.feature is not under the 'features' directory. Requirements report will not be correctly generated!
15:28:34.963 [pool-2-thread-1] INFO  - 
  _____   ___   ___   _____     ___   _____     _     ___   _____   ___   ___  
 |_   _| | __| / __| |_   _|   / __| |_   _|   /_\   | _ \ |_   _| | __| |   \ 
   | |   | _|  \__ \   | |     \__ \   | |    / _ \  |   /   | |   | _|  | |) |
   |_|   |___| |___/   |_|     |___/   |_|   /_/ \_\ |_|_\   |_|   |___| |___/ 

POST - As admin I have be able to create bew user(user;post---as-admin-i-have-be-able-to-create-bew-user)
--------------------------------------------------------------------------------
15:28:34.963 [pool-2-thread-1] DEBUG net.thucydides.core.steps.StepInterceptor - STARTING STEP: UserSteps.iSetPOSTApiEndpoints - I set POST api endpoints
15:28:34.963 [pool-2-thread-1] DEBUG net.thucydides.core.steps.StepInterceptor - STEP DONE: I set POST api endpoints
  &amp#27;[32mGiven &amp#27;[0m&amp#27;[32mI set POST api endpoints&amp#27;[0m                            &amp#27;[90m# starter.stepdefinitions.UserSteps.iSetPOSTApiEndpoints()&amp#27;[0m
15:28:34.963 [pool-2-thread-1] DEBUG net.thucydides.core.steps.StepInterceptor - STARTING STEP: UserSteps.iSendPOSTHTTPRequest - I send POST HTTP request
15:28:34.979 [pool-2-thread-1] DEBUG net.thucydides.core.steps.StepInterceptor - STARTING STEP: Post.sendPostHttpRequest - I set POST api endpoints
15:28:34.979 [pool-2-thread-1] DEBUG net.thucydides.core.steps.StepInterceptor - STEP DONE: I set POST api endpoints
15:28:35.512 [pool-2-thread-1] DEBUG net.thucydides.core.steps.StepInterceptor - STEP DONE: I send POST HTTP request
  &amp#27;[32mWhen &amp#27;[0m&amp#27;[32mI send POST HTTP request&amp#27;[0m                             &amp#27;[90m# starter.stepdefinitions.UserSteps.iSendPOSTHTTPRequest()&amp#27;[0m
15:28:35.528 [pool-2-thread-1] DEBUG net.thucydides.core.steps.StepInterceptor - STARTING STEP: UserSteps.irecieveValidHTTPResponseCode - Irecieve valid HTTP response code 201
15:28:35.528 [pool-2-thread-1] DEBUG net.thucydides.core.steps.StepInterceptor - STEP DONE: Irecieve valid HTTP response code 201
  &amp#27;[32mThen &amp#27;[0m&amp#27;[32mIrecieve valid HTTP response code &amp#27;[0m&amp#27;[32m&amp#27;[1m201&amp#27;[0m                &amp#27;[90m# starter.stepdefinitions.UserSteps.irecieveValidHTTPResponseCode(int)&amp#27;[0m
15:28:35.528 [pool-2-thread-1] DEBUG net.thucydides.core.steps.StepInterceptor - STARTING STEP: UserSteps.iRecieveValidDataForNewUser - I recieve valid data for new user
15:28:35.543 [pool-2-thread-1] DEBUG net.thucydides.core.steps.StepInterceptor - STEP DONE: I recieve valid data for new user
  &amp#27;[32mAnd &amp#27;[0m&amp#27;[32mI recieve valid data for new user&amp#27;[0m                     &amp#27;[90m# starter.stepdefinitions.UserSteps.iRecieveValidDataForNewUser()&amp#27;[0m
15:28:35.543 [pool-2-thread-1] INFO  - 
  _____   ___   ___   _____     ___     _     ___   ___   ___   ___  
 |_   _| | __| / __| |_   _|   | _ \   /_\   / __| / __| | __| |   \ 
   | |   | _|  \__ \   | |     |  _/  / _ \  \__ \ \__ \ | _|  | |) |
   |_|   |___| |___/   |_|     |_|   /_/ \_\ |___/ |___/ |___| |___/ 

POST - As admin I have be able to create bew user
----------------------------------------------------------------------
]]></system-out>
  </testcase>
</testsuite>